[2024-05-28 13:31:09] local.ERROR: View [index.html] not found. {"exception":"[object] (InvalidArgumentException(code: 0): View [index.html] not found. at C:\\Users\\Qub3zGamingL3\\source\\repos\\rechargepyramid\\app-3.2.0\\resources\\app\\src\\vendor\\laravel\\framework\\src\\Illuminate\\View\\FileViewFinder.php:139)
[stacktrace]
#0 C:\\Users\\Qub3zGamingL3\\source\\repos\\rechargepyramid\\app-3.2.0\\resources\\app\\src\\vendor\\laravel\\framework\\src\\Illuminate\\View\\FileViewFinder.php(79): Illuminate\\View\\FileViewFinder->findInPaths('index.html', Array)
#1 C:\\Users\\Qub3zGamingL3\\source\\repos\\rechargepyramid\\app-3.2.0\\resources\\app\\src\\vendor\\laravel\\framework\\src\\Illuminate\\View\\Factory.php(151): Illuminate\\View\\FileViewFinder->find('index.html')
#2 C:\\Users\\Qub3zGamingL3\\source\\repos\\rechargepyramid\\app-3.2.0\\resources\\app\\src\\vendor\\laravel\\framework\\src\\Illuminate\\Foundation\\helpers.php(1040): Illuminate\\View\\Factory->make('index.html', Array, Array)
#3 C:\\Users\\Qub3zGamingL3\\source\\repos\\rechargepyramid\\app-3.2.0\\resources\\app\\src\\routes\\web.php(6): view('index.html')
#4 C:\\Users\\Qub3zGamingL3\\source\\repos\\rechargepyramid\\app-3.2.0\\resources\\app\\src\\vendor\\laravel\\framework\\src\\Illuminate\\Routing\\CallableDispatcher.php(40): Illuminate\\Routing\\RouteFileRegistrar->{closure}()
#5 C:\\Users\\Qub3zGamingL3\\source\\repos\\rechargepyramid\\app-3.2.0\\resources\\app\\src\\vendor\\laravel\\framework\\src\\Illuminate\\Routing\\Route.php(238): Illuminate\\Routing\\CallableDispatcher->dispatch(Object(Illuminate\\Routing\\Route), Object(Closure))
#6 C:\\Users\\Qub3zGamingL3\\source\\repos\\rechargepyramid\\app-3.2.0\\resources\\app\\src\\vendor\\laravel\\framework\\src\\Illuminate\\Routing\\Route.php(209): Illuminate\\Routing\\Route->runCallable()
#7 C:\\Users\\Qub3zGamingL3\\source\\repos\\rechargepyramid\\app-3.2.0\\resources\\app\\src\\vendor\\laravel\\framework\\src\\Illuminate\\Routing\\Router.php(806): Illuminate\\Routing\\Route->run()
#8 C:\\Users\\Qub3zGamingL3\\source\\repos\\rechargepyramid\\app-3.2.0\\resources\\app\\src\\vendor\\laravel\\framework\\src\\Illuminate\\Pipeline\\Pipeline.php(144): Illuminate\\Routing\\Router->Illuminate\\Routing\\{closure}(Object(Illuminate\\Http\\Request))
#9 C:\\Users\\Qub3zGamingL3\\source\\repos\\rechargepyramid\\app-3.2.0\\resources\\app\\src\\vendor\\laravel\\framework\\src\\Illuminate\\Routing\\Middleware\\SubstituteBindings.php(50): Illuminate\\Pipeline\\Pipeline->Illuminate\\Pipeline\\{closure}(Object(Illuminate\\Http\\Request))
#10 C:\\Users\\Qub3zGamingL3\\source\\repos\\rechargepyramid\\app-3.2.0\\resources\\app\\src\\vendor\\laravel\\framework\\src\\Illuminate\\Pipeline\\Pipeline.php(183): Illuminate\\Routing\\Middleware\\SubstituteBindings->handle(Object(Illuminate\\Http\\Request), Object(Closure))
#11 C:\\Users\\Qub3zGamingL3\\source\\repos\\rechargepyramid\\app-3.2.0\\resources\\app\\src\\vendor\\laravel\\framework\\src\\Illuminate\\Foundation\\Http\\Middleware\\VerifyCsrfToken.php(88): Illuminate\\Pipeline\\Pipeline->Illuminate\\Pipeline\\{closure}(Object(Illuminate\\Http\\Request))
#12 C:\\Users\\Qub3zGamingL3\\source\\repos\\rechargepyramid\\app-3.2.0\\resources\\app\\src\\vendor\\laravel\\framework\\src\\Illuminate\\Pipeline\\Pipeline.php(183): Illuminate\\Foundation\\Http\\Middleware\\VerifyCsrfToken->handle(Object(Illuminate\\Http\\Request), Object(Closure))
#13 C:\\Users\\Qub3zGamingL3\\source\\repos\\rechargepyramid\\app-3.2.0\\resources\\app\\src\\vendor\\laravel\\framework\\src\\Illuminate\\View\\Middleware\\ShareErrorsFromSession.php(49): Illuminate\\Pipeline\\Pipeline->Illuminate\\Pipeline\\{closure}(Object(Illuminate\\Http\\Request))
#14 C:\\Users\\Qub3zGamingL3\\source\\repos\\rechargepyramid\\app-3.2.0\\resources\\app\\src\\vendor\\laravel\\framework\\src\\Illuminate\\Pipeline\\Pipeline.php(183): Illuminate\\View\\Middleware\\ShareErrorsFromSession->handle(Object(Illuminate\\Http\\Request), Object(Closure))
#15 C:\\Users\\Qub3zGamingL3\\source\\repos\\rechargepyramid\\app-3.2.0\\resources\\app\\src\\vendor\\laravel\\framework\\src\\Illuminate\\Session\\Middleware\\StartSession.php(121): Illuminate\\Pipeline\\Pipeline->Illuminate\\Pipeline\\{closure}(Object(Illuminate\\Http\\Request))
#16 C:\\Users\\Qub3zGamingL3\\source\\repos\\rechargepyramid\\app-3.2.0\\resources\\app\\src\\vendor\\laravel\\framework\\src\\Illuminate\\Session\\Middleware\\StartSession.php(64): Illuminate\\Session\\Middleware\\StartSession->handleStatefulRequest(Object(Illuminate\\Http\\Request), Object(Illuminate\\Session\\Store), Object(Closure))
#17 C:\\Users\\Qub3zGamingL3\\source\\repos\\rechargepyramid\\app-3.2.0\\resources\\app\\src\\vendor\\laravel\\framework\\src\\Illuminate\\Pipeline\\Pipeline.php(183): Illuminate\\Session\\Middleware\\StartSession->handle(Object(Illuminate\\Http\\Request), Object(Closure))
#18 C:\\Users\\Qub3zGamingL3\\source\\repos\\rechargepyramid\\app-3.2.0\\resources\\app\\src\\vendor\\laravel\\framework\\src\\Illuminate\\Cookie\\Middleware\\AddQueuedCookiesToResponse.php(37): Illuminate\\Pipeline\\Pipeline->Illuminate\\Pipeline\\{closure}(Object(Illuminate\\Http\\Request))
#19 C:\\Users\\Qub3zGamingL3\\source\\repos\\rechargepyramid\\app-3.2.0\\resources\\app\\src\\vendor\\laravel\\framework\\src\\Illuminate\\Pipeline\\Pipeline.php(183): Illuminate\\Cookie\\Middleware\\AddQueuedCookiesToResponse->handle(Object(Illuminate\\Http\\Request), Object(Closure))
#20 C:\\Users\\Qub3zGamingL3\\source\\repos\\rechargepyramid\\app-3.2.0\\resources\\app\\src\\vendor\\laravel\\framework\\src\\Illuminate\\Cookie\\Middleware\\EncryptCookies.php(75): Illuminate\\Pipeline\\Pipeline->Illuminate\\Pipeline\\{closure}(Object(Illuminate\\Http\\Request))
#21 C:\\Users\\Qub3zGamingL3\\source\\repos\\rechargepyramid\\app-3.2.0\\resources\\app\\src\\vendor\\laravel\\framework\\src\\Illuminate\\Pipeline\\Pipeline.php(183): Illuminate\\Cookie\\Middleware\\EncryptCookies->handle(Object(Illuminate\\Http\\Request), Object(Closure))
#22 C:\\Users\\Qub3zGamingL3\\source\\repos\\rechargepyramid\\app-3.2.0\\resources\\app\\src\\vendor\\laravel\\framework\\src\\Illuminate\\Pipeline\\Pipeline.php(119): Illuminate\\Pipeline\\Pipeline->Illuminate\\Pipeline\\{closure}(Object(Illuminate\\Http\\Request))
#23 C:\\Users\\Qub3zGamingL3\\source\\repos\\rechargepyramid\\app-3.2.0\\resources\\app\\src\\vendor\\laravel\\framework\\src\\Illuminate\\Routing\\Router.php(805): Illuminate\\Pipeline\\Pipeline->then(Object(Closure))
#24 C:\\Users\\Qub3zGamingL3\\source\\repos\\rechargepyramid\\app-3.2.0\\resources\\app\\src\\vendor\\laravel\\framework\\src\\Illuminate\\Routing\\Router.php(784): Illuminate\\Routing\\Router->runRouteWithinStack(Object(Illuminate\\Routing\\Route), Object(Illuminate\\Http\\Request))
#25 C:\\Users\\Qub3zGamingL3\\source\\repos\\rechargepyramid\\app-3.2.0\\resources\\app\\src\\vendor\\laravel\\framework\\src\\Illuminate\\Routing\\Router.php(748): Illuminate\\Routing\\Router->runRoute(Object(Illuminate\\Http\\Request), Object(Illuminate\\Routing\\Route))
#26 C:\\Users\\Qub3zGamingL3\\source\\repos\\rechargepyramid\\app-3.2.0\\resources\\app\\src\\vendor\\laravel\\framework\\src\\Illuminate\\Routing\\Router.php(737): Illuminate\\Routing\\Router->dispatchToRoute(Object(Illuminate\\Http\\Request))
#27 C:\\Users\\Qub3zGamingL3\\source\\repos\\rechargepyramid\\app-3.2.0\\resources\\app\\src\\vendor\\laravel\\framework\\src\\Illuminate\\Foundation\\Http\\Kernel.php(200): Illuminate\\Routing\\Router->dispatch(Object(Illuminate\\Http\\Request))
#28 C:\\Users\\Qub3zGamingL3\\source\\repos\\rechargepyramid\\app-3.2.0\\resources\\app\\src\\vendor\\laravel\\framework\\src\\Illuminate\\Pipeline\\Pipeline.php(144): Illuminate\\Foundation\\Http\\Kernel->Illuminate\\Foundation\\Http\\{closure}(Object(Illuminate\\Http\\Request))
#29 C:\\Users\\Qub3zGamingL3\\source\\repos\\rechargepyramid\\app-3.2.0\\resources\\app\\src\\vendor\\laravel\\framework\\src\\Illuminate\\Foundation\\Http\\Middleware\\TransformsRequest.php(21): Illuminate\\Pipeline\\Pipeline->Illuminate\\Pipeline\\{closure}(Object(Illuminate\\Http\\Request))
#30 C:\\Users\\Qub3zGamingL3\\source\\repos\\rechargepyramid\\app-3.2.0\\resources\\app\\src\\vendor\\laravel\\framework\\src\\Illuminate\\Foundation\\Http\\Middleware\\ConvertEmptyStringsToNull.php(31): Illuminate\\Foundation\\Http\\Middleware\\TransformsRequest->handle(Object(Illuminate\\Http\\Request), Object(Closure))
#31 C:\\Users\\Qub3zGamingL3\\source\\repos\\rechargepyramid\\app-3.2.0\\resources\\app\\src\\vendor\\laravel\\framework\\src\\Illuminate\\Pipeline\\Pipeline.php(183): Illuminate\\Foundation\\Http\\Middleware\\ConvertEmptyStringsToNull->handle(Object(Illuminate\\Http\\Request), Object(Closure))
#32 C:\\Users\\Qub3zGamingL3\\source\\repos\\rechargepyramid\\app-3.2.0\\resources\\app\\src\\vendor\\laravel\\framework\\src\\Illuminate\\Foundation\\Http\\Middleware\\TransformsRequest.php(21): Illuminate\\Pipeline\\Pipeline->Illuminate\\Pipeline\\{closure}(Object(Illuminate\\Http\\Request))
#33 C:\\Users\\Qub3zGamingL3\\source\\repos\\rechargepyramid\\app-3.2.0\\resources\\app\\src\\vendor\\laravel\\framework\\src\\Illuminate\\Foundation\\Http\\Middleware\\TrimStrings.php(51): Illuminate\\Foundation\\Http\\Middleware\\TransformsRequest->handle(Object(Illuminate\\Http\\Request), Object(Closure))
#34 C:\\Users\\Qub3zGamingL3\\source\\repos\\rechargepyramid\\app-3.2.0\\resources\\app\\src\\vendor\\laravel\\framework\\src\\Illuminate\\Pipeline\\Pipeline.php(183): Illuminate\\Foundation\\Http\\Middleware\\TrimStrings->handle(Object(Illuminate\\Http\\Request), Object(Closure))
#35 C:\\Users\\Qub3zGamingL3\\source\\repos\\rechargepyramid\\app-3.2.0\\resources\\app\\src\\vendor\\laravel\\framework\\src\\Illuminate\\Http\\Middleware\\ValidatePostSize.php(27): Illuminate\\Pipeline\\Pipeline->Illuminate\\Pipeline\\{closure}(Object(Illuminate\\Http\\Request))
#36 C:\\Users\\Qub3zGamingL3\\source\\repos\\rechargepyramid\\app-3.2.0\\resources\\app\\src\\vendor\\laravel\\framework\\src\\Illuminate\\Pipeline\\Pipeline.php(183): Illuminate\\Http\\Middleware\\ValidatePostSize->handle(Object(Illuminate\\Http\\Request), Object(Closure))
#37 C:\\Users\\Qub3zGamingL3\\source\\repos\\rechargepyramid\\app-3.2.0\\resources\\app\\src\\vendor\\laravel\\framework\\src\\Illuminate\\Foundation\\Http\\Middleware\\PreventRequestsDuringMaintenance.php(110): Illuminate\\Pipeline\\Pipeline->Illuminate\\Pipeline\\{closure}(Object(Illuminate\\Http\\Request))
#38 C:\\Users\\Qub3zGamingL3\\source\\repos\\rechargepyramid\\app-3.2.0\\resources\\app\\src\\vendor\\laravel\\framework\\src\\Illuminate\\Pipeline\\Pipeline.php(183): Illuminate\\Foundation\\Http\\Middleware\\PreventRequestsDuringMaintenance->handle(Object(Illuminate\\Http\\Request), Object(Closure))
#39 C:\\Users\\Qub3zGamingL3\\source\\repos\\rechargepyramid\\app-3.2.0\\resources\\app\\src\\vendor\\laravel\\framework\\src\\Illuminate\\Http\\Middleware\\HandleCors.php(49): Illuminate\\Pipeline\\Pipeline->Illuminate\\Pipeline\\{closure}(Object(Illuminate\\Http\\Request))
#40 C:\\Users\\Qub3zGamingL3\\source\\repos\\rechargepyramid\\app-3.2.0\\resources\\app\\src\\vendor\\laravel\\framework\\src\\Illuminate\\Pipeline\\Pipeline.php(183): Illuminate\\Http\\Middleware\\HandleCors->handle(Object(Illuminate\\Http\\Request), Object(Closure))
#41 C:\\Users\\Qub3zGamingL3\\source\\repos\\rechargepyramid\\app-3.2.0\\resources\\app\\src\\vendor\\laravel\\framework\\src\\Illuminate\\Http\\Middleware\\TrustProxies.php(57): Illuminate\\Pipeline\\Pipeline->Illuminate\\Pipeline\\{closure}(Object(Illuminate\\Http\\Request))
#42 C:\\Users\\Qub3zGamingL3\\source\\repos\\rechargepyramid\\app-3.2.0\\resources\\app\\src\\vendor\\laravel\\framework\\src\\Illuminate\\Pipeline\\Pipeline.php(183): Illuminate\\Http\\Middleware\\TrustProxies->handle(Object(Illuminate\\Http\\Request), Object(Closure))
#43 C:\\Users\\Qub3zGamingL3\\source\\repos\\rechargepyramid\\app-3.2.0\\resources\\app\\src\\vendor\\laravel\\framework\\src\\Illuminate\\Pipeline\\Pipeline.php(119): Illuminate\\Pipeline\\Pipeline->Illuminate\\Pipeline\\{closure}(Object(Illuminate\\Http\\Request))
#44 C:\\Users\\Qub3zGamingL3\\source\\repos\\rechargepyramid\\app-3.2.0\\resources\\app\\src\\vendor\\laravel\\framework\\src\\Illuminate\\Foundation\\Http\\Kernel.php(175): Illuminate\\Pipeline\\Pipeline->then(Object(Closure))
#45 C:\\Users\\Qub3zGamingL3\\source\\repos\\rechargepyramid\\app-3.2.0\\resources\\app\\src\\vendor\\laravel\\framework\\src\\Illuminate\\Foundation\\Http\\Kernel.php(144): Illuminate\\Foundation\\Http\\Kernel->sendRequestThroughRouter(Object(Illuminate\\Http\\Request))
#46 C:\\Users\\Qub3zGamingL3\\source\\repos\\rechargepyramid\\app-3.2.0\\resources\\app\\src\\vendor\\laravel\\framework\\src\\Illuminate\\Foundation\\Application.php(1172): Illuminate\\Foundation\\Http\\Kernel->handle(Object(Illuminate\\Http\\Request))
#47 C:\\Users\\Qub3zGamingL3\\source\\repos\\rechargepyramid\\app-3.2.0\\resources\\app\\src\\public\\index.php(17): Illuminate\\Foundation\\Application->handleRequest(Object(Illuminate\\Http\\Request))
#48 C:\\Users\\Qub3zGamingL3\\source\\repos\\rechargepyramid\\app-3.2.0\\resources\\app\\src\\vendor\\laravel\\framework\\src\\Illuminate\\Foundation\\resources\\server.php(16): require_once('C:\\\\Users\\\\Qub3zG...')
#49 {main}
"} 
[2024-05-28 13:31:23] local.ERROR: View [...index.html] not found. {"exception":"[object] (InvalidArgumentException(code: 0): View [...index.html] not found. at C:\\Users\\Qub3zGamingL3\\source\\repos\\rechargepyramid\\app-3.2.0\\resources\\app\\src\\vendor\\laravel\\framework\\src\\Illuminate\\View\\FileViewFinder.php:139)
[stacktrace]
#0 C:\\Users\\Qub3zGamingL3\\source\\repos\\rechargepyramid\\app-3.2.0\\resources\\app\\src\\vendor\\laravel\\framework\\src\\Illuminate\\View\\FileViewFinder.php(79): Illuminate\\View\\FileViewFinder->findInPaths('...index.html', Array)
#1 C:\\Users\\Qub3zGamingL3\\source\\repos\\rechargepyramid\\app-3.2.0\\resources\\app\\src\\vendor\\laravel\\framework\\src\\Illuminate\\View\\Factory.php(151): Illuminate\\View\\FileViewFinder->find('...index.html')
#2 C:\\Users\\Qub3zGamingL3\\source\\repos\\rechargepyramid\\app-3.2.0\\resources\\app\\src\\vendor\\laravel\\framework\\src\\Illuminate\\Foundation\\helpers.php(1040): Illuminate\\View\\Factory->make('...index.html', Array, Array)
#3 C:\\Users\\Qub3zGamingL3\\source\\repos\\rechargepyramid\\app-3.2.0\\resources\\app\\src\\routes\\web.php(6): view('../index.html')
#4 C:\\Users\\Qub3zGamingL3\\source\\repos\\rechargepyramid\\app-3.2.0\\resources\\app\\src\\vendor\\laravel\\framework\\src\\Illuminate\\Routing\\CallableDispatcher.php(40): Illuminate\\Routing\\RouteFileRegistrar->{closure}()
#5 C:\\Users\\Qub3zGamingL3\\source\\repos\\rechargepyramid\\app-3.2.0\\resources\\app\\src\\vendor\\laravel\\framework\\src\\Illuminate\\Routing\\Route.php(238): Illuminate\\Routing\\CallableDispatcher->dispatch(Object(Illuminate\\Routing\\Route), Object(Closure))
#6 C:\\Users\\Qub3zGamingL3\\source\\repos\\rechargepyramid\\app-3.2.0\\resources\\app\\src\\vendor\\laravel\\framework\\src\\Illuminate\\Routing\\Route.php(209): Illuminate\\Routing\\Route->runCallable()
#7 C:\\Users\\Qub3zGamingL3\\source\\repos\\rechargepyramid\\app-3.2.0\\resources\\app\\src\\vendor\\laravel\\framework\\src\\Illuminate\\Routing\\Router.php(806): Illuminate\\Routing\\Route->run()
#8 C:\\Users\\Qub3zGamingL3\\source\\repos\\rechargepyramid\\app-3.2.0\\resources\\app\\src\\vendor\\laravel\\framework\\src\\Illuminate\\Pipeline\\Pipeline.php(144): Illuminate\\Routing\\Router->Illuminate\\Routing\\{closure}(Object(Illuminate\\Http\\Request))
#9 C:\\Users\\Qub3zGamingL3\\source\\repos\\rechargepyramid\\app-3.2.0\\resources\\app\\src\\vendor\\laravel\\framework\\src\\Illuminate\\Routing\\Middleware\\SubstituteBindings.php(50): Illuminate\\Pipeline\\Pipeline->Illuminate\\Pipeline\\{closure}(Object(Illuminate\\Http\\Request))
#10 C:\\Users\\Qub3zGamingL3\\source\\repos\\rechargepyramid\\app-3.2.0\\resources\\app\\src\\vendor\\laravel\\framework\\src\\Illuminate\\Pipeline\\Pipeline.php(183): Illuminate\\Routing\\Middleware\\SubstituteBindings->handle(Object(Illuminate\\Http\\Request), Object(Closure))
#11 C:\\Users\\Qub3zGamingL3\\source\\repos\\rechargepyramid\\app-3.2.0\\resources\\app\\src\\vendor\\laravel\\framework\\src\\Illuminate\\Foundation\\Http\\Middleware\\VerifyCsrfToken.php(88): Illuminate\\Pipeline\\Pipeline->Illuminate\\Pipeline\\{closure}(Object(Illuminate\\Http\\Request))
#12 C:\\Users\\Qub3zGamingL3\\source\\repos\\rechargepyramid\\app-3.2.0\\resources\\app\\src\\vendor\\laravel\\framework\\src\\Illuminate\\Pipeline\\Pipeline.php(183): Illuminate\\Foundation\\Http\\Middleware\\VerifyCsrfToken->handle(Object(Illuminate\\Http\\Request), Object(Closure))
#13 C:\\Users\\Qub3zGamingL3\\source\\repos\\rechargepyramid\\app-3.2.0\\resources\\app\\src\\vendor\\laravel\\framework\\src\\Illuminate\\View\\Middleware\\ShareErrorsFromSession.php(49): Illuminate\\Pipeline\\Pipeline->Illuminate\\Pipeline\\{closure}(Object(Illuminate\\Http\\Request))
#14 C:\\Users\\Qub3zGamingL3\\source\\repos\\rechargepyramid\\app-3.2.0\\resources\\app\\src\\vendor\\laravel\\framework\\src\\Illuminate\\Pipeline\\Pipeline.php(183): Illuminate\\View\\Middleware\\ShareErrorsFromSession->handle(Object(Illuminate\\Http\\Request), Object(Closure))
#15 C:\\Users\\Qub3zGamingL3\\source\\repos\\rechargepyramid\\app-3.2.0\\resources\\app\\src\\vendor\\laravel\\framework\\src\\Illuminate\\Session\\Middleware\\StartSession.php(121): Illuminate\\Pipeline\\Pipeline->Illuminate\\Pipeline\\{closure}(Object(Illuminate\\Http\\Request))
#16 C:\\Users\\Qub3zGamingL3\\source\\repos\\rechargepyramid\\app-3.2.0\\resources\\app\\src\\vendor\\laravel\\framework\\src\\Illuminate\\Session\\Middleware\\StartSession.php(64): Illuminate\\Session\\Middleware\\StartSession->handleStatefulRequest(Object(Illuminate\\Http\\Request), Object(Illuminate\\Session\\Store), Object(Closure))
#17 C:\\Users\\Qub3zGamingL3\\source\\repos\\rechargepyramid\\app-3.2.0\\resources\\app\\src\\vendor\\laravel\\framework\\src\\Illuminate\\Pipeline\\Pipeline.php(183): Illuminate\\Session\\Middleware\\StartSession->handle(Object(Illuminate\\Http\\Request), Object(Closure))
#18 C:\\Users\\Qub3zGamingL3\\source\\repos\\rechargepyramid\\app-3.2.0\\resources\\app\\src\\vendor\\laravel\\framework\\src\\Illuminate\\Cookie\\Middleware\\AddQueuedCookiesToResponse.php(37): Illuminate\\Pipeline\\Pipeline->Illuminate\\Pipeline\\{closure}(Object(Illuminate\\Http\\Request))
#19 C:\\Users\\Qub3zGamingL3\\source\\repos\\rechargepyramid\\app-3.2.0\\resources\\app\\src\\vendor\\laravel\\framework\\src\\Illuminate\\Pipeline\\Pipeline.php(183): Illuminate\\Cookie\\Middleware\\AddQueuedCookiesToResponse->handle(Object(Illuminate\\Http\\Request), Object(Closure))
#20 C:\\Users\\Qub3zGamingL3\\source\\repos\\rechargepyramid\\app-3.2.0\\resources\\app\\src\\vendor\\laravel\\framework\\src\\Illuminate\\Cookie\\Middleware\\EncryptCookies.php(75): Illuminate\\Pipeline\\Pipeline->Illuminate\\Pipeline\\{closure}(Object(Illuminate\\Http\\Request))
#21 C:\\Users\\Qub3zGamingL3\\source\\repos\\rechargepyramid\\app-3.2.0\\resources\\app\\src\\vendor\\laravel\\framework\\src\\Illuminate\\Pipeline\\Pipeline.php(183): Illuminate\\Cookie\\Middleware\\EncryptCookies->handle(Object(Illuminate\\Http\\Request), Object(Closure))
#22 C:\\Users\\Qub3zGamingL3\\source\\repos\\rechargepyramid\\app-3.2.0\\resources\\app\\src\\vendor\\laravel\\framework\\src\\Illuminate\\Pipeline\\Pipeline.php(119): Illuminate\\Pipeline\\Pipeline->Illuminate\\Pipeline\\{closure}(Object(Illuminate\\Http\\Request))
#23 C:\\Users\\Qub3zGamingL3\\source\\repos\\rechargepyramid\\app-3.2.0\\resources\\app\\src\\vendor\\laravel\\framework\\src\\Illuminate\\Routing\\Router.php(805): Illuminate\\Pipeline\\Pipeline->then(Object(Closure))
#24 C:\\Users\\Qub3zGamingL3\\source\\repos\\rechargepyramid\\app-3.2.0\\resources\\app\\src\\vendor\\laravel\\framework\\src\\Illuminate\\Routing\\Router.php(784): Illuminate\\Routing\\Router->runRouteWithinStack(Object(Illuminate\\Routing\\Route), Object(Illuminate\\Http\\Request))
#25 C:\\Users\\Qub3zGamingL3\\source\\repos\\rechargepyramid\\app-3.2.0\\resources\\app\\src\\vendor\\laravel\\framework\\src\\Illuminate\\Routing\\Router.php(748): Illuminate\\Routing\\Router->runRoute(Object(Illuminate\\Http\\Request), Object(Illuminate\\Routing\\Route))
#26 C:\\Users\\Qub3zGamingL3\\source\\repos\\rechargepyramid\\app-3.2.0\\resources\\app\\src\\vendor\\laravel\\framework\\src\\Illuminate\\Routing\\Router.php(737): Illuminate\\Routing\\Router->dispatchToRoute(Object(Illuminate\\Http\\Request))
#27 C:\\Users\\Qub3zGamingL3\\source\\repos\\rechargepyramid\\app-3.2.0\\resources\\app\\src\\vendor\\laravel\\framework\\src\\Illuminate\\Foundation\\Http\\Kernel.php(200): Illuminate\\Routing\\Router->dispatch(Object(Illuminate\\Http\\Request))
#28 C:\\Users\\Qub3zGamingL3\\source\\repos\\rechargepyramid\\app-3.2.0\\resources\\app\\src\\vendor\\laravel\\framework\\src\\Illuminate\\Pipeline\\Pipeline.php(144): Illuminate\\Foundation\\Http\\Kernel->Illuminate\\Foundation\\Http\\{closure}(Object(Illuminate\\Http\\Request))
#29 C:\\Users\\Qub3zGamingL3\\source\\repos\\rechargepyramid\\app-3.2.0\\resources\\app\\src\\vendor\\laravel\\framework\\src\\Illuminate\\Foundation\\Http\\Middleware\\TransformsRequest.php(21): Illuminate\\Pipeline\\Pipeline->Illuminate\\Pipeline\\{closure}(Object(Illuminate\\Http\\Request))
#30 C:\\Users\\Qub3zGamingL3\\source\\repos\\rechargepyramid\\app-3.2.0\\resources\\app\\src\\vendor\\laravel\\framework\\src\\Illuminate\\Foundation\\Http\\Middleware\\ConvertEmptyStringsToNull.php(31): Illuminate\\Foundation\\Http\\Middleware\\TransformsRequest->handle(Object(Illuminate\\Http\\Request), Object(Closure))
#31 C:\\Users\\Qub3zGamingL3\\source\\repos\\rechargepyramid\\app-3.2.0\\resources\\app\\src\\vendor\\laravel\\framework\\src\\Illuminate\\Pipeline\\Pipeline.php(183): Illuminate\\Foundation\\Http\\Middleware\\ConvertEmptyStringsToNull->handle(Object(Illuminate\\Http\\Request), Object(Closure))
#32 C:\\Users\\Qub3zGamingL3\\source\\repos\\rechargepyramid\\app-3.2.0\\resources\\app\\src\\vendor\\laravel\\framework\\src\\Illuminate\\Foundation\\Http\\Middleware\\TransformsRequest.php(21): Illuminate\\Pipeline\\Pipeline->Illuminate\\Pipeline\\{closure}(Object(Illuminate\\Http\\Request))
#33 C:\\Users\\Qub3zGamingL3\\source\\repos\\rechargepyramid\\app-3.2.0\\resources\\app\\src\\vendor\\laravel\\framework\\src\\Illuminate\\Foundation\\Http\\Middleware\\TrimStrings.php(51): Illuminate\\Foundation\\Http\\Middleware\\TransformsRequest->handle(Object(Illuminate\\Http\\Request), Object(Closure))
#34 C:\\Users\\Qub3zGamingL3\\source\\repos\\rechargepyramid\\app-3.2.0\\resources\\app\\src\\vendor\\laravel\\framework\\src\\Illuminate\\Pipeline\\Pipeline.php(183): Illuminate\\Foundation\\Http\\Middleware\\TrimStrings->handle(Object(Illuminate\\Http\\Request), Object(Closure))
#35 C:\\Users\\Qub3zGamingL3\\source\\repos\\rechargepyramid\\app-3.2.0\\resources\\app\\src\\vendor\\laravel\\framework\\src\\Illuminate\\Http\\Middleware\\ValidatePostSize.php(27): Illuminate\\Pipeline\\Pipeline->Illuminate\\Pipeline\\{closure}(Object(Illuminate\\Http\\Request))
#36 C:\\Users\\Qub3zGamingL3\\source\\repos\\rechargepyramid\\app-3.2.0\\resources\\app\\src\\vendor\\laravel\\framework\\src\\Illuminate\\Pipeline\\Pipeline.php(183): Illuminate\\Http\\Middleware\\ValidatePostSize->handle(Object(Illuminate\\Http\\Request), Object(Closure))
#37 C:\\Users\\Qub3zGamingL3\\source\\repos\\rechargepyramid\\app-3.2.0\\resources\\app\\src\\vendor\\laravel\\framework\\src\\Illuminate\\Foundation\\Http\\Middleware\\PreventRequestsDuringMaintenance.php(110): Illuminate\\Pipeline\\Pipeline->Illuminate\\Pipeline\\{closure}(Object(Illuminate\\Http\\Request))
#38 C:\\Users\\Qub3zGamingL3\\source\\repos\\rechargepyramid\\app-3.2.0\\resources\\app\\src\\vendor\\laravel\\framework\\src\\Illuminate\\Pipeline\\Pipeline.php(183): Illuminate\\Foundation\\Http\\Middleware\\PreventRequestsDuringMaintenance->handle(Object(Illuminate\\Http\\Request), Object(Closure))
#39 C:\\Users\\Qub3zGamingL3\\source\\repos\\rechargepyramid\\app-3.2.0\\resources\\app\\src\\vendor\\laravel\\framework\\src\\Illuminate\\Http\\Middleware\\HandleCors.php(49): Illuminate\\Pipeline\\Pipeline->Illuminate\\Pipeline\\{closure}(Object(Illuminate\\Http\\Request))
#40 C:\\Users\\Qub3zGamingL3\\source\\repos\\rechargepyramid\\app-3.2.0\\resources\\app\\src\\vendor\\laravel\\framework\\src\\Illuminate\\Pipeline\\Pipeline.php(183): Illuminate\\Http\\Middleware\\HandleCors->handle(Object(Illuminate\\Http\\Request), Object(Closure))
#41 C:\\Users\\Qub3zGamingL3\\source\\repos\\rechargepyramid\\app-3.2.0\\resources\\app\\src\\vendor\\laravel\\framework\\src\\Illuminate\\Http\\Middleware\\TrustProxies.php(57): Illuminate\\Pipeline\\Pipeline->Illuminate\\Pipeline\\{closure}(Object(Illuminate\\Http\\Request))
#42 C:\\Users\\Qub3zGamingL3\\source\\repos\\rechargepyramid\\app-3.2.0\\resources\\app\\src\\vendor\\laravel\\framework\\src\\Illuminate\\Pipeline\\Pipeline.php(183): Illuminate\\Http\\Middleware\\TrustProxies->handle(Object(Illuminate\\Http\\Request), Object(Closure))
#43 C:\\Users\\Qub3zGamingL3\\source\\repos\\rechargepyramid\\app-3.2.0\\resources\\app\\src\\vendor\\laravel\\framework\\src\\Illuminate\\Pipeline\\Pipeline.php(119): Illuminate\\Pipeline\\Pipeline->Illuminate\\Pipeline\\{closure}(Object(Illuminate\\Http\\Request))
#44 C:\\Users\\Qub3zGamingL3\\source\\repos\\rechargepyramid\\app-3.2.0\\resources\\app\\src\\vendor\\laravel\\framework\\src\\Illuminate\\Foundation\\Http\\Kernel.php(175): Illuminate\\Pipeline\\Pipeline->then(Object(Closure))
#45 C:\\Users\\Qub3zGamingL3\\source\\repos\\rechargepyramid\\app-3.2.0\\resources\\app\\src\\vendor\\laravel\\framework\\src\\Illuminate\\Foundation\\Http\\Kernel.php(144): Illuminate\\Foundation\\Http\\Kernel->sendRequestThroughRouter(Object(Illuminate\\Http\\Request))
#46 C:\\Users\\Qub3zGamingL3\\source\\repos\\rechargepyramid\\app-3.2.0\\resources\\app\\src\\vendor\\laravel\\framework\\src\\Illuminate\\Foundation\\Application.php(1172): Illuminate\\Foundation\\Http\\Kernel->handle(Object(Illuminate\\Http\\Request))
#47 C:\\Users\\Qub3zGamingL3\\source\\repos\\rechargepyramid\\app-3.2.0\\resources\\app\\src\\public\\index.php(17): Illuminate\\Foundation\\Application->handleRequest(Object(Illuminate\\Http\\Request))
#48 C:\\Users\\Qub3zGamingL3\\source\\repos\\rechargepyramid\\app-3.2.0\\resources\\app\\src\\vendor\\laravel\\framework\\src\\Illuminate\\Foundation\\resources\\server.php(16): require_once('C:\\\\Users\\\\Qub3zG...')
#49 {main}
"} 
[2024-05-28 13:31:28] local.ERROR: View [..index.html] not found. {"exception":"[object] (InvalidArgumentException(code: 0): View [..index.html] not found. at C:\\Users\\Qub3zGamingL3\\source\\repos\\rechargepyramid\\app-3.2.0\\resources\\app\\src\\vendor\\laravel\\framework\\src\\Illuminate\\View\\FileViewFinder.php:139)
[stacktrace]
#0 C:\\Users\\Qub3zGamingL3\\source\\repos\\rechargepyramid\\app-3.2.0\\resources\\app\\src\\vendor\\laravel\\framework\\src\\Illuminate\\View\\FileViewFinder.php(79): Illuminate\\View\\FileViewFinder->findInPaths('..index.html', Array)
#1 C:\\Users\\Qub3zGamingL3\\source\\repos\\rechargepyramid\\app-3.2.0\\resources\\app\\src\\vendor\\laravel\\framework\\src\\Illuminate\\View\\Factory.php(151): Illuminate\\View\\FileViewFinder->find('..index.html')
#2 C:\\Users\\Qub3zGamingL3\\source\\repos\\rechargepyramid\\app-3.2.0\\resources\\app\\src\\vendor\\laravel\\framework\\src\\Illuminate\\Foundation\\helpers.php(1040): Illuminate\\View\\Factory->make('..index.html', Array, Array)
#3 C:\\Users\\Qub3zGamingL3\\source\\repos\\rechargepyramid\\app-3.2.0\\resources\\app\\src\\routes\\web.php(6): view('..index.html')
#4 C:\\Users\\Qub3zGamingL3\\source\\repos\\rechargepyramid\\app-3.2.0\\resources\\app\\src\\vendor\\laravel\\framework\\src\\Illuminate\\Routing\\CallableDispatcher.php(40): Illuminate\\Routing\\RouteFileRegistrar->{closure}()
#5 C:\\Users\\Qub3zGamingL3\\source\\repos\\rechargepyramid\\app-3.2.0\\resources\\app\\src\\vendor\\laravel\\framework\\src\\Illuminate\\Routing\\Route.php(238): Illuminate\\Routing\\CallableDispatcher->dispatch(Object(Illuminate\\Routing\\Route), Object(Closure))
#6 C:\\Users\\Qub3zGamingL3\\source\\repos\\rechargepyramid\\app-3.2.0\\resources\\app\\src\\vendor\\laravel\\framework\\src\\Illuminate\\Routing\\Route.php(209): Illuminate\\Routing\\Route->runCallable()
#7 C:\\Users\\Qub3zGamingL3\\source\\repos\\rechargepyramid\\app-3.2.0\\resources\\app\\src\\vendor\\laravel\\framework\\src\\Illuminate\\Routing\\Router.php(806): Illuminate\\Routing\\Route->run()
#8 C:\\Users\\Qub3zGamingL3\\source\\repos\\rechargepyramid\\app-3.2.0\\resources\\app\\src\\vendor\\laravel\\framework\\src\\Illuminate\\Pipeline\\Pipeline.php(144): Illuminate\\Routing\\Router->Illuminate\\Routing\\{closure}(Object(Illuminate\\Http\\Request))
#9 C:\\Users\\Qub3zGamingL3\\source\\repos\\rechargepyramid\\app-3.2.0\\resources\\app\\src\\vendor\\laravel\\framework\\src\\Illuminate\\Routing\\Middleware\\SubstituteBindings.php(50): Illuminate\\Pipeline\\Pipeline->Illuminate\\Pipeline\\{closure}(Object(Illuminate\\Http\\Request))
#10 C:\\Users\\Qub3zGamingL3\\source\\repos\\rechargepyramid\\app-3.2.0\\resources\\app\\src\\vendor\\laravel\\framework\\src\\Illuminate\\Pipeline\\Pipeline.php(183): Illuminate\\Routing\\Middleware\\SubstituteBindings->handle(Object(Illuminate\\Http\\Request), Object(Closure))
#11 C:\\Users\\Qub3zGamingL3\\source\\repos\\rechargepyramid\\app-3.2.0\\resources\\app\\src\\vendor\\laravel\\framework\\src\\Illuminate\\Foundation\\Http\\Middleware\\VerifyCsrfToken.php(88): Illuminate\\Pipeline\\Pipeline->Illuminate\\Pipeline\\{closure}(Object(Illuminate\\Http\\Request))
#12 C:\\Users\\Qub3zGamingL3\\source\\repos\\rechargepyramid\\app-3.2.0\\resources\\app\\src\\vendor\\laravel\\framework\\src\\Illuminate\\Pipeline\\Pipeline.php(183): Illuminate\\Foundation\\Http\\Middleware\\VerifyCsrfToken->handle(Object(Illuminate\\Http\\Request), Object(Closure))
#13 C:\\Users\\Qub3zGamingL3\\source\\repos\\rechargepyramid\\app-3.2.0\\resources\\app\\src\\vendor\\laravel\\framework\\src\\Illuminate\\View\\Middleware\\ShareErrorsFromSession.php(49): Illuminate\\Pipeline\\Pipeline->Illuminate\\Pipeline\\{closure}(Object(Illuminate\\Http\\Request))
#14 C:\\Users\\Qub3zGamingL3\\source\\repos\\rechargepyramid\\app-3.2.0\\resources\\app\\src\\vendor\\laravel\\framework\\src\\Illuminate\\Pipeline\\Pipeline.php(183): Illuminate\\View\\Middleware\\ShareErrorsFromSession->handle(Object(Illuminate\\Http\\Request), Object(Closure))
#15 C:\\Users\\Qub3zGamingL3\\source\\repos\\rechargepyramid\\app-3.2.0\\resources\\app\\src\\vendor\\laravel\\framework\\src\\Illuminate\\Session\\Middleware\\StartSession.php(121): Illuminate\\Pipeline\\Pipeline->Illuminate\\Pipeline\\{closure}(Object(Illuminate\\Http\\Request))
#16 C:\\Users\\Qub3zGamingL3\\source\\repos\\rechargepyramid\\app-3.2.0\\resources\\app\\src\\vendor\\laravel\\framework\\src\\Illuminate\\Session\\Middleware\\StartSession.php(64): Illuminate\\Session\\Middleware\\StartSession->handleStatefulRequest(Object(Illuminate\\Http\\Request), Object(Illuminate\\Session\\Store), Object(Closure))
#17 C:\\Users\\Qub3zGamingL3\\source\\repos\\rechargepyramid\\app-3.2.0\\resources\\app\\src\\vendor\\laravel\\framework\\src\\Illuminate\\Pipeline\\Pipeline.php(183): Illuminate\\Session\\Middleware\\StartSession->handle(Object(Illuminate\\Http\\Request), Object(Closure))
#18 C:\\Users\\Qub3zGamingL3\\source\\repos\\rechargepyramid\\app-3.2.0\\resources\\app\\src\\vendor\\laravel\\framework\\src\\Illuminate\\Cookie\\Middleware\\AddQueuedCookiesToResponse.php(37): Illuminate\\Pipeline\\Pipeline->Illuminate\\Pipeline\\{closure}(Object(Illuminate\\Http\\Request))
#19 C:\\Users\\Qub3zGamingL3\\source\\repos\\rechargepyramid\\app-3.2.0\\resources\\app\\src\\vendor\\laravel\\framework\\src\\Illuminate\\Pipeline\\Pipeline.php(183): Illuminate\\Cookie\\Middleware\\AddQueuedCookiesToResponse->handle(Object(Illuminate\\Http\\Request), Object(Closure))
#20 C:\\Users\\Qub3zGamingL3\\source\\repos\\rechargepyramid\\app-3.2.0\\resources\\app\\src\\vendor\\laravel\\framework\\src\\Illuminate\\Cookie\\Middleware\\EncryptCookies.php(75): Illuminate\\Pipeline\\Pipeline->Illuminate\\Pipeline\\{closure}(Object(Illuminate\\Http\\Request))
#21 C:\\Users\\Qub3zGamingL3\\source\\repos\\rechargepyramid\\app-3.2.0\\resources\\app\\src\\vendor\\laravel\\framework\\src\\Illuminate\\Pipeline\\Pipeline.php(183): Illuminate\\Cookie\\Middleware\\EncryptCookies->handle(Object(Illuminate\\Http\\Request), Object(Closure))
#22 C:\\Users\\Qub3zGamingL3\\source\\repos\\rechargepyramid\\app-3.2.0\\resources\\app\\src\\vendor\\laravel\\framework\\src\\Illuminate\\Pipeline\\Pipeline.php(119): Illuminate\\Pipeline\\Pipeline->Illuminate\\Pipeline\\{closure}(Object(Illuminate\\Http\\Request))
#23 C:\\Users\\Qub3zGamingL3\\source\\repos\\rechargepyramid\\app-3.2.0\\resources\\app\\src\\vendor\\laravel\\framework\\src\\Illuminate\\Routing\\Router.php(805): Illuminate\\Pipeline\\Pipeline->then(Object(Closure))
#24 C:\\Users\\Qub3zGamingL3\\source\\repos\\rechargepyramid\\app-3.2.0\\resources\\app\\src\\vendor\\laravel\\framework\\src\\Illuminate\\Routing\\Router.php(784): Illuminate\\Routing\\Router->runRouteWithinStack(Object(Illuminate\\Routing\\Route), Object(Illuminate\\Http\\Request))
#25 C:\\Users\\Qub3zGamingL3\\source\\repos\\rechargepyramid\\app-3.2.0\\resources\\app\\src\\vendor\\laravel\\framework\\src\\Illuminate\\Routing\\Router.php(748): Illuminate\\Routing\\Router->runRoute(Object(Illuminate\\Http\\Request), Object(Illuminate\\Routing\\Route))
#26 C:\\Users\\Qub3zGamingL3\\source\\repos\\rechargepyramid\\app-3.2.0\\resources\\app\\src\\vendor\\laravel\\framework\\src\\Illuminate\\Routing\\Router.php(737): Illuminate\\Routing\\Router->dispatchToRoute(Object(Illuminate\\Http\\Request))
#27 C:\\Users\\Qub3zGamingL3\\source\\repos\\rechargepyramid\\app-3.2.0\\resources\\app\\src\\vendor\\laravel\\framework\\src\\Illuminate\\Foundation\\Http\\Kernel.php(200): Illuminate\\Routing\\Router->dispatch(Object(Illuminate\\Http\\Request))
#28 C:\\Users\\Qub3zGamingL3\\source\\repos\\rechargepyramid\\app-3.2.0\\resources\\app\\src\\vendor\\laravel\\framework\\src\\Illuminate\\Pipeline\\Pipeline.php(144): Illuminate\\Foundation\\Http\\Kernel->Illuminate\\Foundation\\Http\\{closure}(Object(Illuminate\\Http\\Request))
#29 C:\\Users\\Qub3zGamingL3\\source\\repos\\rechargepyramid\\app-3.2.0\\resources\\app\\src\\vendor\\laravel\\framework\\src\\Illuminate\\Foundation\\Http\\Middleware\\TransformsRequest.php(21): Illuminate\\Pipeline\\Pipeline->Illuminate\\Pipeline\\{closure}(Object(Illuminate\\Http\\Request))
#30 C:\\Users\\Qub3zGamingL3\\source\\repos\\rechargepyramid\\app-3.2.0\\resources\\app\\src\\vendor\\laravel\\framework\\src\\Illuminate\\Foundation\\Http\\Middleware\\ConvertEmptyStringsToNull.php(31): Illuminate\\Foundation\\Http\\Middleware\\TransformsRequest->handle(Object(Illuminate\\Http\\Request), Object(Closure))
#31 C:\\Users\\Qub3zGamingL3\\source\\repos\\rechargepyramid\\app-3.2.0\\resources\\app\\src\\vendor\\laravel\\framework\\src\\Illuminate\\Pipeline\\Pipeline.php(183): Illuminate\\Foundation\\Http\\Middleware\\ConvertEmptyStringsToNull->handle(Object(Illuminate\\Http\\Request), Object(Closure))
#32 C:\\Users\\Qub3zGamingL3\\source\\repos\\rechargepyramid\\app-3.2.0\\resources\\app\\src\\vendor\\laravel\\framework\\src\\Illuminate\\Foundation\\Http\\Middleware\\TransformsRequest.php(21): Illuminate\\Pipeline\\Pipeline->Illuminate\\Pipeline\\{closure}(Object(Illuminate\\Http\\Request))
#33 C:\\Users\\Qub3zGamingL3\\source\\repos\\rechargepyramid\\app-3.2.0\\resources\\app\\src\\vendor\\laravel\\framework\\src\\Illuminate\\Foundation\\Http\\Middleware\\TrimStrings.php(51): Illuminate\\Foundation\\Http\\Middleware\\TransformsRequest->handle(Object(Illuminate\\Http\\Request), Object(Closure))
#34 C:\\Users\\Qub3zGamingL3\\source\\repos\\rechargepyramid\\app-3.2.0\\resources\\app\\src\\vendor\\laravel\\framework\\src\\Illuminate\\Pipeline\\Pipeline.php(183): Illuminate\\Foundation\\Http\\Middleware\\TrimStrings->handle(Object(Illuminate\\Http\\Request), Object(Closure))
#35 C:\\Users\\Qub3zGamingL3\\source\\repos\\rechargepyramid\\app-3.2.0\\resources\\app\\src\\vendor\\laravel\\framework\\src\\Illuminate\\Http\\Middleware\\ValidatePostSize.php(27): Illuminate\\Pipeline\\Pipeline->Illuminate\\Pipeline\\{closure}(Object(Illuminate\\Http\\Request))
#36 C:\\Users\\Qub3zGamingL3\\source\\repos\\rechargepyramid\\app-3.2.0\\resources\\app\\src\\vendor\\laravel\\framework\\src\\Illuminate\\Pipeline\\Pipeline.php(183): Illuminate\\Http\\Middleware\\ValidatePostSize->handle(Object(Illuminate\\Http\\Request), Object(Closure))
#37 C:\\Users\\Qub3zGamingL3\\source\\repos\\rechargepyramid\\app-3.2.0\\resources\\app\\src\\vendor\\laravel\\framework\\src\\Illuminate\\Foundation\\Http\\Middleware\\PreventRequestsDuringMaintenance.php(110): Illuminate\\Pipeline\\Pipeline->Illuminate\\Pipeline\\{closure}(Object(Illuminate\\Http\\Request))
#38 C:\\Users\\Qub3zGamingL3\\source\\repos\\rechargepyramid\\app-3.2.0\\resources\\app\\src\\vendor\\laravel\\framework\\src\\Illuminate\\Pipeline\\Pipeline.php(183): Illuminate\\Foundation\\Http\\Middleware\\PreventRequestsDuringMaintenance->handle(Object(Illuminate\\Http\\Request), Object(Closure))
#39 C:\\Users\\Qub3zGamingL3\\source\\repos\\rechargepyramid\\app-3.2.0\\resources\\app\\src\\vendor\\laravel\\framework\\src\\Illuminate\\Http\\Middleware\\HandleCors.php(49): Illuminate\\Pipeline\\Pipeline->Illuminate\\Pipeline\\{closure}(Object(Illuminate\\Http\\Request))
#40 C:\\Users\\Qub3zGamingL3\\source\\repos\\rechargepyramid\\app-3.2.0\\resources\\app\\src\\vendor\\laravel\\framework\\src\\Illuminate\\Pipeline\\Pipeline.php(183): Illuminate\\Http\\Middleware\\HandleCors->handle(Object(Illuminate\\Http\\Request), Object(Closure))
#41 C:\\Users\\Qub3zGamingL3\\source\\repos\\rechargepyramid\\app-3.2.0\\resources\\app\\src\\vendor\\laravel\\framework\\src\\Illuminate\\Http\\Middleware\\TrustProxies.php(57): Illuminate\\Pipeline\\Pipeline->Illuminate\\Pipeline\\{closure}(Object(Illuminate\\Http\\Request))
#42 C:\\Users\\Qub3zGamingL3\\source\\repos\\rechargepyramid\\app-3.2.0\\resources\\app\\src\\vendor\\laravel\\framework\\src\\Illuminate\\Pipeline\\Pipeline.php(183): Illuminate\\Http\\Middleware\\TrustProxies->handle(Object(Illuminate\\Http\\Request), Object(Closure))
#43 C:\\Users\\Qub3zGamingL3\\source\\repos\\rechargepyramid\\app-3.2.0\\resources\\app\\src\\vendor\\laravel\\framework\\src\\Illuminate\\Pipeline\\Pipeline.php(119): Illuminate\\Pipeline\\Pipeline->Illuminate\\Pipeline\\{closure}(Object(Illuminate\\Http\\Request))
#44 C:\\Users\\Qub3zGamingL3\\source\\repos\\rechargepyramid\\app-3.2.0\\resources\\app\\src\\vendor\\laravel\\framework\\src\\Illuminate\\Foundation\\Http\\Kernel.php(175): Illuminate\\Pipeline\\Pipeline->then(Object(Closure))
#45 C:\\Users\\Qub3zGamingL3\\source\\repos\\rechargepyramid\\app-3.2.0\\resources\\app\\src\\vendor\\laravel\\framework\\src\\Illuminate\\Foundation\\Http\\Kernel.php(144): Illuminate\\Foundation\\Http\\Kernel->sendRequestThroughRouter(Object(Illuminate\\Http\\Request))
#46 C:\\Users\\Qub3zGamingL3\\source\\repos\\rechargepyramid\\app-3.2.0\\resources\\app\\src\\vendor\\laravel\\framework\\src\\Illuminate\\Foundation\\Application.php(1172): Illuminate\\Foundation\\Http\\Kernel->handle(Object(Illuminate\\Http\\Request))
#47 C:\\Users\\Qub3zGamingL3\\source\\repos\\rechargepyramid\\app-3.2.0\\resources\\app\\src\\public\\index.php(17): Illuminate\\Foundation\\Application->handleRequest(Object(Illuminate\\Http\\Request))
#48 C:\\Users\\Qub3zGamingL3\\source\\repos\\rechargepyramid\\app-3.2.0\\resources\\app\\src\\vendor\\laravel\\framework\\src\\Illuminate\\Foundation\\resources\\server.php(16): require_once('C:\\\\Users\\\\Qub3zG...')
#49 {main}
"} 
[2024-05-28 13:52:22] local.ERROR: SQLSTATE[42S01]: Base table or view already exists: 1050 Table 'data' already exists (Connection: mysql, SQL: create table `data` (`id` bigint unsigned not null auto_increment primary key, `Song_Number` int not null, `Date` date not null, `Start_Time` time not null, `End_Time` time not null, `created_at` timestamp null, `updated_at` timestamp null) default character set utf8mb4 collate 'utf8mb4_unicode_ci') {"exception":"[object] (Illuminate\\Database\\QueryException(code: 42S01): SQLSTATE[42S01]: Base table or view already exists: 1050 Table 'data' already exists (Connection: mysql, SQL: create table `data` (`id` bigint unsigned not null auto_increment primary key, `Song_Number` int not null, `Date` date not null, `Start_Time` time not null, `End_Time` time not null, `created_at` timestamp null, `updated_at` timestamp null) default character set utf8mb4 collate 'utf8mb4_unicode_ci') at C:\\Users\\Qub3zGamingL3\\source\\repos\\rechargepyramid\\app-3.2.0\\resources\\app\\src\\vendor\\laravel\\framework\\src\\Illuminate\\Database\\Connection.php:813)
[stacktrace]
#0 C:\\Users\\Qub3zGamingL3\\source\\repos\\rechargepyramid\\app-3.2.0\\resources\\app\\src\\vendor\\laravel\\framework\\src\\Illuminate\\Database\\Connection.php(767): Illuminate\\Database\\Connection->runQueryCallback('create table `d...', Array, Object(Closure))
#1 C:\\Users\\Qub3zGamingL3\\source\\repos\\rechargepyramid\\app-3.2.0\\resources\\app\\src\\vendor\\laravel\\framework\\src\\Illuminate\\Database\\Connection.php(560): Illuminate\\Database\\Connection->run('create table `d...', Array, Object(Closure))
#2 C:\\Users\\Qub3zGamingL3\\source\\repos\\rechargepyramid\\app-3.2.0\\resources\\app\\src\\vendor\\laravel\\framework\\src\\Illuminate\\Database\\Schema\\Blueprint.php(109): Illuminate\\Database\\Connection->statement('create table `d...')
#3 C:\\Users\\Qub3zGamingL3\\source\\repos\\rechargepyramid\\app-3.2.0\\resources\\app\\src\\vendor\\laravel\\framework\\src\\Illuminate\\Database\\Schema\\Builder.php(564): Illuminate\\Database\\Schema\\Blueprint->build(Object(Illuminate\\Database\\MySqlConnection), Object(Illuminate\\Database\\Schema\\Grammars\\MySqlGrammar))
#4 C:\\Users\\Qub3zGamingL3\\source\\repos\\rechargepyramid\\app-3.2.0\\resources\\app\\src\\vendor\\laravel\\framework\\src\\Illuminate\\Database\\Schema\\Builder.php(418): Illuminate\\Database\\Schema\\Builder->build(Object(Illuminate\\Database\\Schema\\Blueprint))
#5 C:\\Users\\Qub3zGamingL3\\source\\repos\\rechargepyramid\\app-3.2.0\\resources\\app\\src\\vendor\\laravel\\framework\\src\\Illuminate\\Support\\Facades\\Facade.php(357): Illuminate\\Database\\Schema\\Builder->create('data', Object(Closure))
#6 C:\\Users\\Qub3zGamingL3\\source\\repos\\rechargepyramid\\app-3.2.0\\resources\\app\\src\\database\\migrations\\2024_05_28_133357_create_data_table.php(14): Illuminate\\Support\\Facades\\Facade::__callStatic('create', Array)
#7 C:\\Users\\Qub3zGamingL3\\source\\repos\\rechargepyramid\\app-3.2.0\\resources\\app\\src\\vendor\\laravel\\framework\\src\\Illuminate\\Database\\Migrations\\Migrator.php(476): Illuminate\\Database\\Migrations\\Migration@anonymous->up()
#8 C:\\Users\\Qub3zGamingL3\\source\\repos\\rechargepyramid\\app-3.2.0\\resources\\app\\src\\vendor\\laravel\\framework\\src\\Illuminate\\Database\\Migrations\\Migrator.php(402): Illuminate\\Database\\Migrations\\Migrator->runMethod(Object(Illuminate\\Database\\MySqlConnection), Object(Illuminate\\Database\\Migrations\\Migration@anonymous), 'up')
#9 C:\\Users\\Qub3zGamingL3\\source\\repos\\rechargepyramid\\app-3.2.0\\resources\\app\\src\\vendor\\laravel\\framework\\src\\Illuminate\\Database\\Migrations\\Migrator.php(411): Illuminate\\Database\\Migrations\\Migrator->Illuminate\\Database\\Migrations\\{closure}()
#10 C:\\Users\\Qub3zGamingL3\\source\\repos\\rechargepyramid\\app-3.2.0\\resources\\app\\src\\vendor\\laravel\\framework\\src\\Illuminate\\Database\\Migrations\\Migrator.php(212): Illuminate\\Database\\Migrations\\Migrator->runMigration(Object(Illuminate\\Database\\Migrations\\Migration@anonymous), 'up')
#11 C:\\Users\\Qub3zGamingL3\\source\\repos\\rechargepyramid\\app-3.2.0\\resources\\app\\src\\vendor\\laravel\\framework\\src\\Illuminate\\Console\\View\\Components\\Task.php(40): Illuminate\\Database\\Migrations\\Migrator->Illuminate\\Database\\Migrations\\{closure}()
#12 C:\\Users\\Qub3zGamingL3\\source\\repos\\rechargepyramid\\app-3.2.0\\resources\\app\\src\\vendor\\laravel\\framework\\src\\Illuminate\\Database\\Migrations\\Migrator.php(739): Illuminate\\Console\\View\\Components\\Task->render('2024_05_28_1333...', Object(Closure))
#13 C:\\Users\\Qub3zGamingL3\\source\\repos\\rechargepyramid\\app-3.2.0\\resources\\app\\src\\vendor\\laravel\\framework\\src\\Illuminate\\Database\\Migrations\\Migrator.php(212): Illuminate\\Database\\Migrations\\Migrator->write('Illuminate\\\\Cons...', '2024_05_28_1333...', Object(Closure))
#14 C:\\Users\\Qub3zGamingL3\\source\\repos\\rechargepyramid\\app-3.2.0\\resources\\app\\src\\vendor\\laravel\\framework\\src\\Illuminate\\Database\\Migrations\\Migrator.php(179): Illuminate\\Database\\Migrations\\Migrator->runUp('C:\\\\Users\\\\Qub3zG...', 2, false)
#15 C:\\Users\\Qub3zGamingL3\\source\\repos\\rechargepyramid\\app-3.2.0\\resources\\app\\src\\vendor\\laravel\\framework\\src\\Illuminate\\Database\\Migrations\\Migrator.php(122): Illuminate\\Database\\Migrations\\Migrator->runPending(Array, Array)
#16 C:\\Users\\Qub3zGamingL3\\source\\repos\\rechargepyramid\\app-3.2.0\\resources\\app\\src\\vendor\\laravel\\framework\\src\\Illuminate\\Database\\Console\\Migrations\\MigrateCommand.php(116): Illuminate\\Database\\Migrations\\Migrator->run(Array, Array)
#17 C:\\Users\\Qub3zGamingL3\\source\\repos\\rechargepyramid\\app-3.2.0\\resources\\app\\src\\vendor\\laravel\\framework\\src\\Illuminate\\Database\\Migrations\\Migrator.php(616): Illuminate\\Database\\Console\\Migrations\\MigrateCommand->Illuminate\\Database\\Console\\Migrations\\{closure}()
#18 C:\\Users\\Qub3zGamingL3\\source\\repos\\rechargepyramid\\app-3.2.0\\resources\\app\\src\\vendor\\laravel\\framework\\src\\Illuminate\\Database\\Console\\Migrations\\MigrateCommand.php(109): Illuminate\\Database\\Migrations\\Migrator->usingConnection(NULL, Object(Closure))
#19 C:\\Users\\Qub3zGamingL3\\source\\repos\\rechargepyramid\\app-3.2.0\\resources\\app\\src\\vendor\\laravel\\framework\\src\\Illuminate\\Database\\Console\\Migrations\\MigrateCommand.php(88): Illuminate\\Database\\Console\\Migrations\\MigrateCommand->runMigrations()
#20 C:\\Users\\Qub3zGamingL3\\source\\repos\\rechargepyramid\\app-3.2.0\\resources\\app\\src\\vendor\\laravel\\framework\\src\\Illuminate\\Container\\BoundMethod.php(36): Illuminate\\Database\\Console\\Migrations\\MigrateCommand->handle()
#21 C:\\Users\\Qub3zGamingL3\\source\\repos\\rechargepyramid\\app-3.2.0\\resources\\app\\src\\vendor\\laravel\\framework\\src\\Illuminate\\Container\\Util.php(41): Illuminate\\Container\\BoundMethod::Illuminate\\Container\\{closure}()
#22 C:\\Users\\Qub3zGamingL3\\source\\repos\\rechargepyramid\\app-3.2.0\\resources\\app\\src\\vendor\\laravel\\framework\\src\\Illuminate\\Container\\BoundMethod.php(93): Illuminate\\Container\\Util::unwrapIfClosure(Object(Closure))
#23 C:\\Users\\Qub3zGamingL3\\source\\repos\\rechargepyramid\\app-3.2.0\\resources\\app\\src\\vendor\\laravel\\framework\\src\\Illuminate\\Container\\BoundMethod.php(35): Illuminate\\Container\\BoundMethod::callBoundMethod(Object(Illuminate\\Foundation\\Application), Array, Object(Closure))
#24 C:\\Users\\Qub3zGamingL3\\source\\repos\\rechargepyramid\\app-3.2.0\\resources\\app\\src\\vendor\\laravel\\framework\\src\\Illuminate\\Container\\Container.php(662): Illuminate\\Container\\BoundMethod::call(Object(Illuminate\\Foundation\\Application), Array, Array, NULL)
#25 C:\\Users\\Qub3zGamingL3\\source\\repos\\rechargepyramid\\app-3.2.0\\resources\\app\\src\\vendor\\laravel\\framework\\src\\Illuminate\\Console\\Command.php(213): Illuminate\\Container\\Container->call(Array)
#26 C:\\Users\\Qub3zGamingL3\\source\\repos\\rechargepyramid\\app-3.2.0\\resources\\app\\src\\vendor\\symfony\\console\\Command\\Command.php(279): Illuminate\\Console\\Command->execute(Object(Symfony\\Component\\Console\\Input\\ArgvInput), Object(Illuminate\\Console\\OutputStyle))
#27 C:\\Users\\Qub3zGamingL3\\source\\repos\\rechargepyramid\\app-3.2.0\\resources\\app\\src\\vendor\\laravel\\framework\\src\\Illuminate\\Console\\Command.php(182): Symfony\\Component\\Console\\Command\\Command->run(Object(Symfony\\Component\\Console\\Input\\ArgvInput), Object(Illuminate\\Console\\OutputStyle))
#28 C:\\Users\\Qub3zGamingL3\\source\\repos\\rechargepyramid\\app-3.2.0\\resources\\app\\src\\vendor\\symfony\\console\\Application.php(1049): Illuminate\\Console\\Command->run(Object(Symfony\\Component\\Console\\Input\\ArgvInput), Object(Symfony\\Component\\Console\\Output\\ConsoleOutput))
#29 C:\\Users\\Qub3zGamingL3\\source\\repos\\rechargepyramid\\app-3.2.0\\resources\\app\\src\\vendor\\symfony\\console\\Application.php(318): Symfony\\Component\\Console\\Application->doRunCommand(Object(Illuminate\\Database\\Console\\Migrations\\MigrateCommand), Object(Symfony\\Component\\Console\\Input\\ArgvInput), Object(Symfony\\Component\\Console\\Output\\ConsoleOutput))
#30 C:\\Users\\Qub3zGamingL3\\source\\repos\\rechargepyramid\\app-3.2.0\\resources\\app\\src\\vendor\\symfony\\console\\Application.php(169): Symfony\\Component\\Console\\Application->doRun(Object(Symfony\\Component\\Console\\Input\\ArgvInput), Object(Symfony\\Component\\Console\\Output\\ConsoleOutput))
#31 C:\\Users\\Qub3zGamingL3\\source\\repos\\rechargepyramid\\app-3.2.0\\resources\\app\\src\\vendor\\laravel\\framework\\src\\Illuminate\\Foundation\\Console\\Kernel.php(196): Symfony\\Component\\Console\\Application->run(Object(Symfony\\Component\\Console\\Input\\ArgvInput), Object(Symfony\\Component\\Console\\Output\\ConsoleOutput))
#32 C:\\Users\\Qub3zGamingL3\\source\\repos\\rechargepyramid\\app-3.2.0\\resources\\app\\src\\vendor\\laravel\\framework\\src\\Illuminate\\Foundation\\Application.php(1187): Illuminate\\Foundation\\Console\\Kernel->handle(Object(Symfony\\Component\\Console\\Input\\ArgvInput), Object(Symfony\\Component\\Console\\Output\\ConsoleOutput))
#33 C:\\Users\\Qub3zGamingL3\\source\\repos\\rechargepyramid\\app-3.2.0\\resources\\app\\src\\artisan(13): Illuminate\\Foundation\\Application->handleCommand(Object(Symfony\\Component\\Console\\Input\\ArgvInput))
#34 {main}

[previous exception] [object] (PDOException(code: 42S01): SQLSTATE[42S01]: Base table or view already exists: 1050 Table 'data' already exists at C:\\Users\\Qub3zGamingL3\\source\\repos\\rechargepyramid\\app-3.2.0\\resources\\app\\src\\vendor\\laravel\\framework\\src\\Illuminate\\Database\\Connection.php:571)
[stacktrace]
#0 C:\\Users\\Qub3zGamingL3\\source\\repos\\rechargepyramid\\app-3.2.0\\resources\\app\\src\\vendor\\laravel\\framework\\src\\Illuminate\\Database\\Connection.php(571): PDOStatement->execute()
#1 C:\\Users\\Qub3zGamingL3\\source\\repos\\rechargepyramid\\app-3.2.0\\resources\\app\\src\\vendor\\laravel\\framework\\src\\Illuminate\\Database\\Connection.php(800): Illuminate\\Database\\Connection->Illuminate\\Database\\{closure}('create table `d...', Array)
#2 C:\\Users\\Qub3zGamingL3\\source\\repos\\rechargepyramid\\app-3.2.0\\resources\\app\\src\\vendor\\laravel\\framework\\src\\Illuminate\\Database\\Connection.php(767): Illuminate\\Database\\Connection->runQueryCallback('create table `d...', Array, Object(Closure))
#3 C:\\Users\\Qub3zGamingL3\\source\\repos\\rechargepyramid\\app-3.2.0\\resources\\app\\src\\vendor\\laravel\\framework\\src\\Illuminate\\Database\\Connection.php(560): Illuminate\\Database\\Connection->run('create table `d...', Array, Object(Closure))
#4 C:\\Users\\Qub3zGamingL3\\source\\repos\\rechargepyramid\\app-3.2.0\\resources\\app\\src\\vendor\\laravel\\framework\\src\\Illuminate\\Database\\Schema\\Blueprint.php(109): Illuminate\\Database\\Connection->statement('create table `d...')
#5 C:\\Users\\Qub3zGamingL3\\source\\repos\\rechargepyramid\\app-3.2.0\\resources\\app\\src\\vendor\\laravel\\framework\\src\\Illuminate\\Database\\Schema\\Builder.php(564): Illuminate\\Database\\Schema\\Blueprint->build(Object(Illuminate\\Database\\MySqlConnection), Object(Illuminate\\Database\\Schema\\Grammars\\MySqlGrammar))
#6 C:\\Users\\Qub3zGamingL3\\source\\repos\\rechargepyramid\\app-3.2.0\\resources\\app\\src\\vendor\\laravel\\framework\\src\\Illuminate\\Database\\Schema\\Builder.php(418): Illuminate\\Database\\Schema\\Builder->build(Object(Illuminate\\Database\\Schema\\Blueprint))
#7 C:\\Users\\Qub3zGamingL3\\source\\repos\\rechargepyramid\\app-3.2.0\\resources\\app\\src\\vendor\\laravel\\framework\\src\\Illuminate\\Support\\Facades\\Facade.php(357): Illuminate\\Database\\Schema\\Builder->create('data', Object(Closure))
#8 C:\\Users\\Qub3zGamingL3\\source\\repos\\rechargepyramid\\app-3.2.0\\resources\\app\\src\\database\\migrations\\2024_05_28_133357_create_data_table.php(14): Illuminate\\Support\\Facades\\Facade::__callStatic('create', Array)
#9 C:\\Users\\Qub3zGamingL3\\source\\repos\\rechargepyramid\\app-3.2.0\\resources\\app\\src\\vendor\\laravel\\framework\\src\\Illuminate\\Database\\Migrations\\Migrator.php(476): Illuminate\\Database\\Migrations\\Migration@anonymous->up()
#10 C:\\Users\\Qub3zGamingL3\\source\\repos\\rechargepyramid\\app-3.2.0\\resources\\app\\src\\vendor\\laravel\\framework\\src\\Illuminate\\Database\\Migrations\\Migrator.php(402): Illuminate\\Database\\Migrations\\Migrator->runMethod(Object(Illuminate\\Database\\MySqlConnection), Object(Illuminate\\Database\\Migrations\\Migration@anonymous), 'up')
#11 C:\\Users\\Qub3zGamingL3\\source\\repos\\rechargepyramid\\app-3.2.0\\resources\\app\\src\\vendor\\laravel\\framework\\src\\Illuminate\\Database\\Migrations\\Migrator.php(411): Illuminate\\Database\\Migrations\\Migrator->Illuminate\\Database\\Migrations\\{closure}()
#12 C:\\Users\\Qub3zGamingL3\\source\\repos\\rechargepyramid\\app-3.2.0\\resources\\app\\src\\vendor\\laravel\\framework\\src\\Illuminate\\Database\\Migrations\\Migrator.php(212): Illuminate\\Database\\Migrations\\Migrator->runMigration(Object(Illuminate\\Database\\Migrations\\Migration@anonymous), 'up')
#13 C:\\Users\\Qub3zGamingL3\\source\\repos\\rechargepyramid\\app-3.2.0\\resources\\app\\src\\vendor\\laravel\\framework\\src\\Illuminate\\Console\\View\\Components\\Task.php(40): Illuminate\\Database\\Migrations\\Migrator->Illuminate\\Database\\Migrations\\{closure}()
#14 C:\\Users\\Qub3zGamingL3\\source\\repos\\rechargepyramid\\app-3.2.0\\resources\\app\\src\\vendor\\laravel\\framework\\src\\Illuminate\\Database\\Migrations\\Migrator.php(739): Illuminate\\Console\\View\\Components\\Task->render('2024_05_28_1333...', Object(Closure))
#15 C:\\Users\\Qub3zGamingL3\\source\\repos\\rechargepyramid\\app-3.2.0\\resources\\app\\src\\vendor\\laravel\\framework\\src\\Illuminate\\Database\\Migrations\\Migrator.php(212): Illuminate\\Database\\Migrations\\Migrator->write('Illuminate\\\\Cons...', '2024_05_28_1333...', Object(Closure))
#16 C:\\Users\\Qub3zGamingL3\\source\\repos\\rechargepyramid\\app-3.2.0\\resources\\app\\src\\vendor\\laravel\\framework\\src\\Illuminate\\Database\\Migrations\\Migrator.php(179): Illuminate\\Database\\Migrations\\Migrator->runUp('C:\\\\Users\\\\Qub3zG...', 2, false)
#17 C:\\Users\\Qub3zGamingL3\\source\\repos\\rechargepyramid\\app-3.2.0\\resources\\app\\src\\vendor\\laravel\\framework\\src\\Illuminate\\Database\\Migrations\\Migrator.php(122): Illuminate\\Database\\Migrations\\Migrator->runPending(Array, Array)
#18 C:\\Users\\Qub3zGamingL3\\source\\repos\\rechargepyramid\\app-3.2.0\\resources\\app\\src\\vendor\\laravel\\framework\\src\\Illuminate\\Database\\Console\\Migrations\\MigrateCommand.php(116): Illuminate\\Database\\Migrations\\Migrator->run(Array, Array)
#19 C:\\Users\\Qub3zGamingL3\\source\\repos\\rechargepyramid\\app-3.2.0\\resources\\app\\src\\vendor\\laravel\\framework\\src\\Illuminate\\Database\\Migrations\\Migrator.php(616): Illuminate\\Database\\Console\\Migrations\\MigrateCommand->Illuminate\\Database\\Console\\Migrations\\{closure}()
#20 C:\\Users\\Qub3zGamingL3\\source\\repos\\rechargepyramid\\app-3.2.0\\resources\\app\\src\\vendor\\laravel\\framework\\src\\Illuminate\\Database\\Console\\Migrations\\MigrateCommand.php(109): Illuminate\\Database\\Migrations\\Migrator->usingConnection(NULL, Object(Closure))
#21 C:\\Users\\Qub3zGamingL3\\source\\repos\\rechargepyramid\\app-3.2.0\\resources\\app\\src\\vendor\\laravel\\framework\\src\\Illuminate\\Database\\Console\\Migrations\\MigrateCommand.php(88): Illuminate\\Database\\Console\\Migrations\\MigrateCommand->runMigrations()
#22 C:\\Users\\Qub3zGamingL3\\source\\repos\\rechargepyramid\\app-3.2.0\\resources\\app\\src\\vendor\\laravel\\framework\\src\\Illuminate\\Container\\BoundMethod.php(36): Illuminate\\Database\\Console\\Migrations\\MigrateCommand->handle()
#23 C:\\Users\\Qub3zGamingL3\\source\\repos\\rechargepyramid\\app-3.2.0\\resources\\app\\src\\vendor\\laravel\\framework\\src\\Illuminate\\Container\\Util.php(41): Illuminate\\Container\\BoundMethod::Illuminate\\Container\\{closure}()
#24 C:\\Users\\Qub3zGamingL3\\source\\repos\\rechargepyramid\\app-3.2.0\\resources\\app\\src\\vendor\\laravel\\framework\\src\\Illuminate\\Container\\BoundMethod.php(93): Illuminate\\Container\\Util::unwrapIfClosure(Object(Closure))
#25 C:\\Users\\Qub3zGamingL3\\source\\repos\\rechargepyramid\\app-3.2.0\\resources\\app\\src\\vendor\\laravel\\framework\\src\\Illuminate\\Container\\BoundMethod.php(35): Illuminate\\Container\\BoundMethod::callBoundMethod(Object(Illuminate\\Foundation\\Application), Array, Object(Closure))
#26 C:\\Users\\Qub3zGamingL3\\source\\repos\\rechargepyramid\\app-3.2.0\\resources\\app\\src\\vendor\\laravel\\framework\\src\\Illuminate\\Container\\Container.php(662): Illuminate\\Container\\BoundMethod::call(Object(Illuminate\\Foundation\\Application), Array, Array, NULL)
#27 C:\\Users\\Qub3zGamingL3\\source\\repos\\rechargepyramid\\app-3.2.0\\resources\\app\\src\\vendor\\laravel\\framework\\src\\Illuminate\\Console\\Command.php(213): Illuminate\\Container\\Container->call(Array)
#28 C:\\Users\\Qub3zGamingL3\\source\\repos\\rechargepyramid\\app-3.2.0\\resources\\app\\src\\vendor\\symfony\\console\\Command\\Command.php(279): Illuminate\\Console\\Command->execute(Object(Symfony\\Component\\Console\\Input\\ArgvInput), Object(Illuminate\\Console\\OutputStyle))
#29 C:\\Users\\Qub3zGamingL3\\source\\repos\\rechargepyramid\\app-3.2.0\\resources\\app\\src\\vendor\\laravel\\framework\\src\\Illuminate\\Console\\Command.php(182): Symfony\\Component\\Console\\Command\\Command->run(Object(Symfony\\Component\\Console\\Input\\ArgvInput), Object(Illuminate\\Console\\OutputStyle))
#30 C:\\Users\\Qub3zGamingL3\\source\\repos\\rechargepyramid\\app-3.2.0\\resources\\app\\src\\vendor\\symfony\\console\\Application.php(1049): Illuminate\\Console\\Command->run(Object(Symfony\\Component\\Console\\Input\\ArgvInput), Object(Symfony\\Component\\Console\\Output\\ConsoleOutput))
#31 C:\\Users\\Qub3zGamingL3\\source\\repos\\rechargepyramid\\app-3.2.0\\resources\\app\\src\\vendor\\symfony\\console\\Application.php(318): Symfony\\Component\\Console\\Application->doRunCommand(Object(Illuminate\\Database\\Console\\Migrations\\MigrateCommand), Object(Symfony\\Component\\Console\\Input\\ArgvInput), Object(Symfony\\Component\\Console\\Output\\ConsoleOutput))
#32 C:\\Users\\Qub3zGamingL3\\source\\repos\\rechargepyramid\\app-3.2.0\\resources\\app\\src\\vendor\\symfony\\console\\Application.php(169): Symfony\\Component\\Console\\Application->doRun(Object(Symfony\\Component\\Console\\Input\\ArgvInput), Object(Symfony\\Component\\Console\\Output\\ConsoleOutput))
#33 C:\\Users\\Qub3zGamingL3\\source\\repos\\rechargepyramid\\app-3.2.0\\resources\\app\\src\\vendor\\laravel\\framework\\src\\Illuminate\\Foundation\\Console\\Kernel.php(196): Symfony\\Component\\Console\\Application->run(Object(Symfony\\Component\\Console\\Input\\ArgvInput), Object(Symfony\\Component\\Console\\Output\\ConsoleOutput))
#34 C:\\Users\\Qub3zGamingL3\\source\\repos\\rechargepyramid\\app-3.2.0\\resources\\app\\src\\vendor\\laravel\\framework\\src\\Illuminate\\Foundation\\Application.php(1187): Illuminate\\Foundation\\Console\\Kernel->handle(Object(Symfony\\Component\\Console\\Input\\ArgvInput), Object(Symfony\\Component\\Console\\Output\\ConsoleOutput))
#35 C:\\Users\\Qub3zGamingL3\\source\\repos\\rechargepyramid\\app-3.2.0\\resources\\app\\src\\artisan(13): Illuminate\\Foundation\\Application->handleCommand(Object(Symfony\\Component\\Console\\Input\\ArgvInput))
#36 {main}
"} 
[2024-05-28 13:53:20] local.ERROR: SQLSTATE[HY000] [1049] Unknown database 'recharge_yourself' (Connection: mysql, SQL: select table_name as `name`, (data_length + index_length) as `size`, table_comment as `comment`, engine as `engine`, table_collation as `collation` from information_schema.tables where table_schema = 'Recharge_Yourself' and table_type in ('BASE TABLE', 'SYSTEM VERSIONED') order by table_name) {"exception":"[object] (Illuminate\\Database\\QueryException(code: 1049): SQLSTATE[HY000] [1049] Unknown database 'recharge_yourself' (Connection: mysql, SQL: select table_name as `name`, (data_length + index_length) as `size`, table_comment as `comment`, engine as `engine`, table_collation as `collation` from information_schema.tables where table_schema = 'Recharge_Yourself' and table_type in ('BASE TABLE', 'SYSTEM VERSIONED') order by table_name) at C:\\Users\\Qub3zGamingL3\\source\\repos\\rechargepyramid\\app-3.2.0\\resources\\app\\src\\vendor\\laravel\\framework\\src\\Illuminate\\Database\\Connection.php:813)
[stacktrace]
#0 C:\\Users\\Qub3zGamingL3\\source\\repos\\rechargepyramid\\app-3.2.0\\resources\\app\\src\\vendor\\laravel\\framework\\src\\Illuminate\\Database\\Connection.php(767): Illuminate\\Database\\Connection->runQueryCallback('select table_na...', Array, Object(Closure))
#1 C:\\Users\\Qub3zGamingL3\\source\\repos\\rechargepyramid\\app-3.2.0\\resources\\app\\src\\vendor\\laravel\\framework\\src\\Illuminate\\Database\\Connection.php(398): Illuminate\\Database\\Connection->run('select table_na...', Array, Object(Closure))
#2 C:\\Users\\Qub3zGamingL3\\source\\repos\\rechargepyramid\\app-3.2.0\\resources\\app\\src\\vendor\\laravel\\framework\\src\\Illuminate\\Database\\Connection.php(385): Illuminate\\Database\\Connection->select('select table_na...', Array, false)
#3 C:\\Users\\Qub3zGamingL3\\source\\repos\\rechargepyramid\\app-3.2.0\\resources\\app\\src\\vendor\\laravel\\framework\\src\\Illuminate\\Database\\Schema\\MySqlBuilder.php(41): Illuminate\\Database\\Connection->selectFromWriteConnection('select table_na...')
#4 C:\\Users\\Qub3zGamingL3\\source\\repos\\rechargepyramid\\app-3.2.0\\resources\\app\\src\\vendor\\laravel\\framework\\src\\Illuminate\\Database\\Schema\\Builder.php(147): Illuminate\\Database\\Schema\\MySqlBuilder->getTables(false)
#5 C:\\Users\\Qub3zGamingL3\\source\\repos\\rechargepyramid\\app-3.2.0\\resources\\app\\src\\vendor\\laravel\\framework\\src\\Illuminate\\Database\\Migrations\\DatabaseMigrationRepository.php(184): Illuminate\\Database\\Schema\\Builder->hasTable('migrations')
#6 C:\\Users\\Qub3zGamingL3\\source\\repos\\rechargepyramid\\app-3.2.0\\resources\\app\\src\\vendor\\laravel\\framework\\src\\Illuminate\\Database\\Migrations\\Migrator.php(683): Illuminate\\Database\\Migrations\\DatabaseMigrationRepository->repositoryExists()
#7 C:\\Users\\Qub3zGamingL3\\source\\repos\\rechargepyramid\\app-3.2.0\\resources\\app\\src\\vendor\\laravel\\framework\\src\\Illuminate\\Database\\Console\\Migrations\\FreshCommand.php(66): Illuminate\\Database\\Migrations\\Migrator->repositoryExists()
#8 C:\\Users\\Qub3zGamingL3\\source\\repos\\rechargepyramid\\app-3.2.0\\resources\\app\\src\\vendor\\laravel\\framework\\src\\Illuminate\\Database\\Migrations\\Migrator.php(616): Illuminate\\Database\\Console\\Migrations\\FreshCommand->Illuminate\\Database\\Console\\Migrations\\{closure}()
#9 C:\\Users\\Qub3zGamingL3\\source\\repos\\rechargepyramid\\app-3.2.0\\resources\\app\\src\\vendor\\laravel\\framework\\src\\Illuminate\\Database\\Console\\Migrations\\FreshCommand.php(65): Illuminate\\Database\\Migrations\\Migrator->usingConnection(NULL, Object(Closure))
#10 C:\\Users\\Qub3zGamingL3\\source\\repos\\rechargepyramid\\app-3.2.0\\resources\\app\\src\\vendor\\laravel\\framework\\src\\Illuminate\\Container\\BoundMethod.php(36): Illuminate\\Database\\Console\\Migrations\\FreshCommand->handle()
#11 C:\\Users\\Qub3zGamingL3\\source\\repos\\rechargepyramid\\app-3.2.0\\resources\\app\\src\\vendor\\laravel\\framework\\src\\Illuminate\\Container\\Util.php(41): Illuminate\\Container\\BoundMethod::Illuminate\\Container\\{closure}()
#12 C:\\Users\\Qub3zGamingL3\\source\\repos\\rechargepyramid\\app-3.2.0\\resources\\app\\src\\vendor\\laravel\\framework\\src\\Illuminate\\Container\\BoundMethod.php(93): Illuminate\\Container\\Util::unwrapIfClosure(Object(Closure))
#13 C:\\Users\\Qub3zGamingL3\\source\\repos\\rechargepyramid\\app-3.2.0\\resources\\app\\src\\vendor\\laravel\\framework\\src\\Illuminate\\Container\\BoundMethod.php(35): Illuminate\\Container\\BoundMethod::callBoundMethod(Object(Illuminate\\Foundation\\Application), Array, Object(Closure))
#14 C:\\Users\\Qub3zGamingL3\\source\\repos\\rechargepyramid\\app-3.2.0\\resources\\app\\src\\vendor\\laravel\\framework\\src\\Illuminate\\Container\\Container.php(662): Illuminate\\Container\\BoundMethod::call(Object(Illuminate\\Foundation\\Application), Array, Array, NULL)
#15 C:\\Users\\Qub3zGamingL3\\source\\repos\\rechargepyramid\\app-3.2.0\\resources\\app\\src\\vendor\\laravel\\framework\\src\\Illuminate\\Console\\Command.php(213): Illuminate\\Container\\Container->call(Array)
#16 C:\\Users\\Qub3zGamingL3\\source\\repos\\rechargepyramid\\app-3.2.0\\resources\\app\\src\\vendor\\symfony\\console\\Command\\Command.php(279): Illuminate\\Console\\Command->execute(Object(Symfony\\Component\\Console\\Input\\ArgvInput), Object(Illuminate\\Console\\OutputStyle))
#17 C:\\Users\\Qub3zGamingL3\\source\\repos\\rechargepyramid\\app-3.2.0\\resources\\app\\src\\vendor\\laravel\\framework\\src\\Illuminate\\Console\\Command.php(182): Symfony\\Component\\Console\\Command\\Command->run(Object(Symfony\\Component\\Console\\Input\\ArgvInput), Object(Illuminate\\Console\\OutputStyle))
#18 C:\\Users\\Qub3zGamingL3\\source\\repos\\rechargepyramid\\app-3.2.0\\resources\\app\\src\\vendor\\symfony\\console\\Application.php(1049): Illuminate\\Console\\Command->run(Object(Symfony\\Component\\Console\\Input\\ArgvInput), Object(Symfony\\Component\\Console\\Output\\ConsoleOutput))
#19 C:\\Users\\Qub3zGamingL3\\source\\repos\\rechargepyramid\\app-3.2.0\\resources\\app\\src\\vendor\\symfony\\console\\Application.php(318): Symfony\\Component\\Console\\Application->doRunCommand(Object(Illuminate\\Database\\Console\\Migrations\\FreshCommand), Object(Symfony\\Component\\Console\\Input\\ArgvInput), Object(Symfony\\Component\\Console\\Output\\ConsoleOutput))
#20 C:\\Users\\Qub3zGamingL3\\source\\repos\\rechargepyramid\\app-3.2.0\\resources\\app\\src\\vendor\\symfony\\console\\Application.php(169): Symfony\\Component\\Console\\Application->doRun(Object(Symfony\\Component\\Console\\Input\\ArgvInput), Object(Symfony\\Component\\Console\\Output\\ConsoleOutput))
#21 C:\\Users\\Qub3zGamingL3\\source\\repos\\rechargepyramid\\app-3.2.0\\resources\\app\\src\\vendor\\laravel\\framework\\src\\Illuminate\\Foundation\\Console\\Kernel.php(196): Symfony\\Component\\Console\\Application->run(Object(Symfony\\Component\\Console\\Input\\ArgvInput), Object(Symfony\\Component\\Console\\Output\\ConsoleOutput))
#22 C:\\Users\\Qub3zGamingL3\\source\\repos\\rechargepyramid\\app-3.2.0\\resources\\app\\src\\vendor\\laravel\\framework\\src\\Illuminate\\Foundation\\Application.php(1187): Illuminate\\Foundation\\Console\\Kernel->handle(Object(Symfony\\Component\\Console\\Input\\ArgvInput), Object(Symfony\\Component\\Console\\Output\\ConsoleOutput))
#23 C:\\Users\\Qub3zGamingL3\\source\\repos\\rechargepyramid\\app-3.2.0\\resources\\app\\src\\artisan(13): Illuminate\\Foundation\\Application->handleCommand(Object(Symfony\\Component\\Console\\Input\\ArgvInput))
#24 {main}

[previous exception] [object] (PDOException(code: 1049): SQLSTATE[HY000] [1049] Unknown database 'recharge_yourself' at C:\\Users\\Qub3zGamingL3\\source\\repos\\rechargepyramid\\app-3.2.0\\resources\\app\\src\\vendor\\laravel\\framework\\src\\Illuminate\\Database\\Connectors\\Connector.php:65)
[stacktrace]
#0 C:\\Users\\Qub3zGamingL3\\source\\repos\\rechargepyramid\\app-3.2.0\\resources\\app\\src\\vendor\\laravel\\framework\\src\\Illuminate\\Database\\Connectors\\Connector.php(65): PDO->__construct('mysql:host=127....', 'root', Object(SensitiveParameterValue), Array)
#1 C:\\Users\\Qub3zGamingL3\\source\\repos\\rechargepyramid\\app-3.2.0\\resources\\app\\src\\vendor\\laravel\\framework\\src\\Illuminate\\Database\\Connectors\\Connector.php(44): Illuminate\\Database\\Connectors\\Connector->createPdoConnection('mysql:host=127....', 'root', '', Array)
#2 C:\\Users\\Qub3zGamingL3\\source\\repos\\rechargepyramid\\app-3.2.0\\resources\\app\\src\\vendor\\laravel\\framework\\src\\Illuminate\\Database\\Connectors\\MySqlConnector.php(24): Illuminate\\Database\\Connectors\\Connector->createConnection('mysql:host=127....', Array, Array)
#3 C:\\Users\\Qub3zGamingL3\\source\\repos\\rechargepyramid\\app-3.2.0\\resources\\app\\src\\vendor\\laravel\\framework\\src\\Illuminate\\Database\\Connectors\\ConnectionFactory.php(185): Illuminate\\Database\\Connectors\\MySqlConnector->connect(Array)
#4 [internal function]: Illuminate\\Database\\Connectors\\ConnectionFactory->Illuminate\\Database\\Connectors\\{closure}()
#5 C:\\Users\\Qub3zGamingL3\\source\\repos\\rechargepyramid\\app-3.2.0\\resources\\app\\src\\vendor\\laravel\\framework\\src\\Illuminate\\Database\\Connection.php(1219): call_user_func(Object(Closure))
#6 C:\\Users\\Qub3zGamingL3\\source\\repos\\rechargepyramid\\app-3.2.0\\resources\\app\\src\\vendor\\laravel\\framework\\src\\Illuminate\\Database\\Connection.php(512): Illuminate\\Database\\Connection->getPdo()
#7 C:\\Users\\Qub3zGamingL3\\source\\repos\\rechargepyramid\\app-3.2.0\\resources\\app\\src\\vendor\\laravel\\framework\\src\\Illuminate\\Database\\Connection.php(407): Illuminate\\Database\\Connection->getPdoForSelect(false)
#8 C:\\Users\\Qub3zGamingL3\\source\\repos\\rechargepyramid\\app-3.2.0\\resources\\app\\src\\vendor\\laravel\\framework\\src\\Illuminate\\Database\\Connection.php(800): Illuminate\\Database\\Connection->Illuminate\\Database\\{closure}('select table_na...', Array)
#9 C:\\Users\\Qub3zGamingL3\\source\\repos\\rechargepyramid\\app-3.2.0\\resources\\app\\src\\vendor\\laravel\\framework\\src\\Illuminate\\Database\\Connection.php(767): Illuminate\\Database\\Connection->runQueryCallback('select table_na...', Array, Object(Closure))
#10 C:\\Users\\Qub3zGamingL3\\source\\repos\\rechargepyramid\\app-3.2.0\\resources\\app\\src\\vendor\\laravel\\framework\\src\\Illuminate\\Database\\Connection.php(398): Illuminate\\Database\\Connection->run('select table_na...', Array, Object(Closure))
#11 C:\\Users\\Qub3zGamingL3\\source\\repos\\rechargepyramid\\app-3.2.0\\resources\\app\\src\\vendor\\laravel\\framework\\src\\Illuminate\\Database\\Connection.php(385): Illuminate\\Database\\Connection->select('select table_na...', Array, false)
#12 C:\\Users\\Qub3zGamingL3\\source\\repos\\rechargepyramid\\app-3.2.0\\resources\\app\\src\\vendor\\laravel\\framework\\src\\Illuminate\\Database\\Schema\\MySqlBuilder.php(41): Illuminate\\Database\\Connection->selectFromWriteConnection('select table_na...')
#13 C:\\Users\\Qub3zGamingL3\\source\\repos\\rechargepyramid\\app-3.2.0\\resources\\app\\src\\vendor\\laravel\\framework\\src\\Illuminate\\Database\\Schema\\Builder.php(147): Illuminate\\Database\\Schema\\MySqlBuilder->getTables(false)
#14 C:\\Users\\Qub3zGamingL3\\source\\repos\\rechargepyramid\\app-3.2.0\\resources\\app\\src\\vendor\\laravel\\framework\\src\\Illuminate\\Database\\Migrations\\DatabaseMigrationRepository.php(184): Illuminate\\Database\\Schema\\Builder->hasTable('migrations')
#15 C:\\Users\\Qub3zGamingL3\\source\\repos\\rechargepyramid\\app-3.2.0\\resources\\app\\src\\vendor\\laravel\\framework\\src\\Illuminate\\Database\\Migrations\\Migrator.php(683): Illuminate\\Database\\Migrations\\DatabaseMigrationRepository->repositoryExists()
#16 C:\\Users\\Qub3zGamingL3\\source\\repos\\rechargepyramid\\app-3.2.0\\resources\\app\\src\\vendor\\laravel\\framework\\src\\Illuminate\\Database\\Console\\Migrations\\FreshCommand.php(66): Illuminate\\Database\\Migrations\\Migrator->repositoryExists()
#17 C:\\Users\\Qub3zGamingL3\\source\\repos\\rechargepyramid\\app-3.2.0\\resources\\app\\src\\vendor\\laravel\\framework\\src\\Illuminate\\Database\\Migrations\\Migrator.php(616): Illuminate\\Database\\Console\\Migrations\\FreshCommand->Illuminate\\Database\\Console\\Migrations\\{closure}()
#18 C:\\Users\\Qub3zGamingL3\\source\\repos\\rechargepyramid\\app-3.2.0\\resources\\app\\src\\vendor\\laravel\\framework\\src\\Illuminate\\Database\\Console\\Migrations\\FreshCommand.php(65): Illuminate\\Database\\Migrations\\Migrator->usingConnection(NULL, Object(Closure))
#19 C:\\Users\\Qub3zGamingL3\\source\\repos\\rechargepyramid\\app-3.2.0\\resources\\app\\src\\vendor\\laravel\\framework\\src\\Illuminate\\Container\\BoundMethod.php(36): Illuminate\\Database\\Console\\Migrations\\FreshCommand->handle()
#20 C:\\Users\\Qub3zGamingL3\\source\\repos\\rechargepyramid\\app-3.2.0\\resources\\app\\src\\vendor\\laravel\\framework\\src\\Illuminate\\Container\\Util.php(41): Illuminate\\Container\\BoundMethod::Illuminate\\Container\\{closure}()
#21 C:\\Users\\Qub3zGamingL3\\source\\repos\\rechargepyramid\\app-3.2.0\\resources\\app\\src\\vendor\\laravel\\framework\\src\\Illuminate\\Container\\BoundMethod.php(93): Illuminate\\Container\\Util::unwrapIfClosure(Object(Closure))
#22 C:\\Users\\Qub3zGamingL3\\source\\repos\\rechargepyramid\\app-3.2.0\\resources\\app\\src\\vendor\\laravel\\framework\\src\\Illuminate\\Container\\BoundMethod.php(35): Illuminate\\Container\\BoundMethod::callBoundMethod(Object(Illuminate\\Foundation\\Application), Array, Object(Closure))
#23 C:\\Users\\Qub3zGamingL3\\source\\repos\\rechargepyramid\\app-3.2.0\\resources\\app\\src\\vendor\\laravel\\framework\\src\\Illuminate\\Container\\Container.php(662): Illuminate\\Container\\BoundMethod::call(Object(Illuminate\\Foundation\\Application), Array, Array, NULL)
#24 C:\\Users\\Qub3zGamingL3\\source\\repos\\rechargepyramid\\app-3.2.0\\resources\\app\\src\\vendor\\laravel\\framework\\src\\Illuminate\\Console\\Command.php(213): Illuminate\\Container\\Container->call(Array)
#25 C:\\Users\\Qub3zGamingL3\\source\\repos\\rechargepyramid\\app-3.2.0\\resources\\app\\src\\vendor\\symfony\\console\\Command\\Command.php(279): Illuminate\\Console\\Command->execute(Object(Symfony\\Component\\Console\\Input\\ArgvInput), Object(Illuminate\\Console\\OutputStyle))
#26 C:\\Users\\Qub3zGamingL3\\source\\repos\\rechargepyramid\\app-3.2.0\\resources\\app\\src\\vendor\\laravel\\framework\\src\\Illuminate\\Console\\Command.php(182): Symfony\\Component\\Console\\Command\\Command->run(Object(Symfony\\Component\\Console\\Input\\ArgvInput), Object(Illuminate\\Console\\OutputStyle))
#27 C:\\Users\\Qub3zGamingL3\\source\\repos\\rechargepyramid\\app-3.2.0\\resources\\app\\src\\vendor\\symfony\\console\\Application.php(1049): Illuminate\\Console\\Command->run(Object(Symfony\\Component\\Console\\Input\\ArgvInput), Object(Symfony\\Component\\Console\\Output\\ConsoleOutput))
#28 C:\\Users\\Qub3zGamingL3\\source\\repos\\rechargepyramid\\app-3.2.0\\resources\\app\\src\\vendor\\symfony\\console\\Application.php(318): Symfony\\Component\\Console\\Application->doRunCommand(Object(Illuminate\\Database\\Console\\Migrations\\FreshCommand), Object(Symfony\\Component\\Console\\Input\\ArgvInput), Object(Symfony\\Component\\Console\\Output\\ConsoleOutput))
#29 C:\\Users\\Qub3zGamingL3\\source\\repos\\rechargepyramid\\app-3.2.0\\resources\\app\\src\\vendor\\symfony\\console\\Application.php(169): Symfony\\Component\\Console\\Application->doRun(Object(Symfony\\Component\\Console\\Input\\ArgvInput), Object(Symfony\\Component\\Console\\Output\\ConsoleOutput))
#30 C:\\Users\\Qub3zGamingL3\\source\\repos\\rechargepyramid\\app-3.2.0\\resources\\app\\src\\vendor\\laravel\\framework\\src\\Illuminate\\Foundation\\Console\\Kernel.php(196): Symfony\\Component\\Console\\Application->run(Object(Symfony\\Component\\Console\\Input\\ArgvInput), Object(Symfony\\Component\\Console\\Output\\ConsoleOutput))
#31 C:\\Users\\Qub3zGamingL3\\source\\repos\\rechargepyramid\\app-3.2.0\\resources\\app\\src\\vendor\\laravel\\framework\\src\\Illuminate\\Foundation\\Application.php(1187): Illuminate\\Foundation\\Console\\Kernel->handle(Object(Symfony\\Component\\Console\\Input\\ArgvInput), Object(Symfony\\Component\\Console\\Output\\ConsoleOutput))
#32 C:\\Users\\Qub3zGamingL3\\source\\repos\\rechargepyramid\\app-3.2.0\\resources\\app\\src\\artisan(13): Illuminate\\Foundation\\Application->handleCommand(Object(Symfony\\Component\\Console\\Input\\ArgvInput))
#33 {main}
"} 
[2024-05-28 13:59:27] local.ERROR: View [index] not found. {"exception":"[object] (InvalidArgumentException(code: 0): View [index] not found. at C:\\Users\\Qub3zGamingL3\\source\\repos\\rechargepyramid\\app-3.2.0\\resources\\app\\src\\vendor\\laravel\\framework\\src\\Illuminate\\View\\FileViewFinder.php:139)
[stacktrace]
#0 C:\\Users\\Qub3zGamingL3\\source\\repos\\rechargepyramid\\app-3.2.0\\resources\\app\\src\\vendor\\laravel\\framework\\src\\Illuminate\\View\\FileViewFinder.php(79): Illuminate\\View\\FileViewFinder->findInPaths('index', Array)
#1 C:\\Users\\Qub3zGamingL3\\source\\repos\\rechargepyramid\\app-3.2.0\\resources\\app\\src\\vendor\\laravel\\framework\\src\\Illuminate\\View\\Factory.php(151): Illuminate\\View\\FileViewFinder->find('index')
#2 C:\\Users\\Qub3zGamingL3\\source\\repos\\rechargepyramid\\app-3.2.0\\resources\\app\\src\\vendor\\laravel\\framework\\src\\Illuminate\\Foundation\\helpers.php(1040): Illuminate\\View\\Factory->make('index', Array, Array)
#3 C:\\Users\\Qub3zGamingL3\\source\\repos\\rechargepyramid\\app-3.2.0\\resources\\app\\src\\app\\Http\\Controllers\\DataController.php(13): view('index', Array)
#4 C:\\Users\\Qub3zGamingL3\\source\\repos\\rechargepyramid\\app-3.2.0\\resources\\app\\src\\vendor\\laravel\\framework\\src\\Illuminate\\Routing\\ControllerDispatcher.php(46): App\\Http\\Controllers\\DataController->index()
#5 C:\\Users\\Qub3zGamingL3\\source\\repos\\rechargepyramid\\app-3.2.0\\resources\\app\\src\\vendor\\laravel\\framework\\src\\Illuminate\\Routing\\Route.php(260): Illuminate\\Routing\\ControllerDispatcher->dispatch(Object(Illuminate\\Routing\\Route), Object(App\\Http\\Controllers\\DataController), 'index')
#6 C:\\Users\\Qub3zGamingL3\\source\\repos\\rechargepyramid\\app-3.2.0\\resources\\app\\src\\vendor\\laravel\\framework\\src\\Illuminate\\Routing\\Route.php(206): Illuminate\\Routing\\Route->runController()
#7 C:\\Users\\Qub3zGamingL3\\source\\repos\\rechargepyramid\\app-3.2.0\\resources\\app\\src\\vendor\\laravel\\framework\\src\\Illuminate\\Routing\\Router.php(806): Illuminate\\Routing\\Route->run()
#8 C:\\Users\\Qub3zGamingL3\\source\\repos\\rechargepyramid\\app-3.2.0\\resources\\app\\src\\vendor\\laravel\\framework\\src\\Illuminate\\Pipeline\\Pipeline.php(144): Illuminate\\Routing\\Router->Illuminate\\Routing\\{closure}(Object(Illuminate\\Http\\Request))
#9 C:\\Users\\Qub3zGamingL3\\source\\repos\\rechargepyramid\\app-3.2.0\\resources\\app\\src\\vendor\\laravel\\framework\\src\\Illuminate\\Routing\\Middleware\\SubstituteBindings.php(50): Illuminate\\Pipeline\\Pipeline->Illuminate\\Pipeline\\{closure}(Object(Illuminate\\Http\\Request))
#10 C:\\Users\\Qub3zGamingL3\\source\\repos\\rechargepyramid\\app-3.2.0\\resources\\app\\src\\vendor\\laravel\\framework\\src\\Illuminate\\Pipeline\\Pipeline.php(183): Illuminate\\Routing\\Middleware\\SubstituteBindings->handle(Object(Illuminate\\Http\\Request), Object(Closure))
#11 C:\\Users\\Qub3zGamingL3\\source\\repos\\rechargepyramid\\app-3.2.0\\resources\\app\\src\\vendor\\laravel\\framework\\src\\Illuminate\\Foundation\\Http\\Middleware\\VerifyCsrfToken.php(88): Illuminate\\Pipeline\\Pipeline->Illuminate\\Pipeline\\{closure}(Object(Illuminate\\Http\\Request))
#12 C:\\Users\\Qub3zGamingL3\\source\\repos\\rechargepyramid\\app-3.2.0\\resources\\app\\src\\vendor\\laravel\\framework\\src\\Illuminate\\Pipeline\\Pipeline.php(183): Illuminate\\Foundation\\Http\\Middleware\\VerifyCsrfToken->handle(Object(Illuminate\\Http\\Request), Object(Closure))
#13 C:\\Users\\Qub3zGamingL3\\source\\repos\\rechargepyramid\\app-3.2.0\\resources\\app\\src\\vendor\\laravel\\framework\\src\\Illuminate\\View\\Middleware\\ShareErrorsFromSession.php(49): Illuminate\\Pipeline\\Pipeline->Illuminate\\Pipeline\\{closure}(Object(Illuminate\\Http\\Request))
#14 C:\\Users\\Qub3zGamingL3\\source\\repos\\rechargepyramid\\app-3.2.0\\resources\\app\\src\\vendor\\laravel\\framework\\src\\Illuminate\\Pipeline\\Pipeline.php(183): Illuminate\\View\\Middleware\\ShareErrorsFromSession->handle(Object(Illuminate\\Http\\Request), Object(Closure))
#15 C:\\Users\\Qub3zGamingL3\\source\\repos\\rechargepyramid\\app-3.2.0\\resources\\app\\src\\vendor\\laravel\\framework\\src\\Illuminate\\Session\\Middleware\\StartSession.php(121): Illuminate\\Pipeline\\Pipeline->Illuminate\\Pipeline\\{closure}(Object(Illuminate\\Http\\Request))
#16 C:\\Users\\Qub3zGamingL3\\source\\repos\\rechargepyramid\\app-3.2.0\\resources\\app\\src\\vendor\\laravel\\framework\\src\\Illuminate\\Session\\Middleware\\StartSession.php(64): Illuminate\\Session\\Middleware\\StartSession->handleStatefulRequest(Object(Illuminate\\Http\\Request), Object(Illuminate\\Session\\Store), Object(Closure))
#17 C:\\Users\\Qub3zGamingL3\\source\\repos\\rechargepyramid\\app-3.2.0\\resources\\app\\src\\vendor\\laravel\\framework\\src\\Illuminate\\Pipeline\\Pipeline.php(183): Illuminate\\Session\\Middleware\\StartSession->handle(Object(Illuminate\\Http\\Request), Object(Closure))
#18 C:\\Users\\Qub3zGamingL3\\source\\repos\\rechargepyramid\\app-3.2.0\\resources\\app\\src\\vendor\\laravel\\framework\\src\\Illuminate\\Cookie\\Middleware\\AddQueuedCookiesToResponse.php(37): Illuminate\\Pipeline\\Pipeline->Illuminate\\Pipeline\\{closure}(Object(Illuminate\\Http\\Request))
#19 C:\\Users\\Qub3zGamingL3\\source\\repos\\rechargepyramid\\app-3.2.0\\resources\\app\\src\\vendor\\laravel\\framework\\src\\Illuminate\\Pipeline\\Pipeline.php(183): Illuminate\\Cookie\\Middleware\\AddQueuedCookiesToResponse->handle(Object(Illuminate\\Http\\Request), Object(Closure))
#20 C:\\Users\\Qub3zGamingL3\\source\\repos\\rechargepyramid\\app-3.2.0\\resources\\app\\src\\vendor\\laravel\\framework\\src\\Illuminate\\Cookie\\Middleware\\EncryptCookies.php(75): Illuminate\\Pipeline\\Pipeline->Illuminate\\Pipeline\\{closure}(Object(Illuminate\\Http\\Request))
#21 C:\\Users\\Qub3zGamingL3\\source\\repos\\rechargepyramid\\app-3.2.0\\resources\\app\\src\\vendor\\laravel\\framework\\src\\Illuminate\\Pipeline\\Pipeline.php(183): Illuminate\\Cookie\\Middleware\\EncryptCookies->handle(Object(Illuminate\\Http\\Request), Object(Closure))
#22 C:\\Users\\Qub3zGamingL3\\source\\repos\\rechargepyramid\\app-3.2.0\\resources\\app\\src\\vendor\\laravel\\framework\\src\\Illuminate\\Pipeline\\Pipeline.php(119): Illuminate\\Pipeline\\Pipeline->Illuminate\\Pipeline\\{closure}(Object(Illuminate\\Http\\Request))
#23 C:\\Users\\Qub3zGamingL3\\source\\repos\\rechargepyramid\\app-3.2.0\\resources\\app\\src\\vendor\\laravel\\framework\\src\\Illuminate\\Routing\\Router.php(805): Illuminate\\Pipeline\\Pipeline->then(Object(Closure))
#24 C:\\Users\\Qub3zGamingL3\\source\\repos\\rechargepyramid\\app-3.2.0\\resources\\app\\src\\vendor\\laravel\\framework\\src\\Illuminate\\Routing\\Router.php(784): Illuminate\\Routing\\Router->runRouteWithinStack(Object(Illuminate\\Routing\\Route), Object(Illuminate\\Http\\Request))
#25 C:\\Users\\Qub3zGamingL3\\source\\repos\\rechargepyramid\\app-3.2.0\\resources\\app\\src\\vendor\\laravel\\framework\\src\\Illuminate\\Routing\\Router.php(748): Illuminate\\Routing\\Router->runRoute(Object(Illuminate\\Http\\Request), Object(Illuminate\\Routing\\Route))
#26 C:\\Users\\Qub3zGamingL3\\source\\repos\\rechargepyramid\\app-3.2.0\\resources\\app\\src\\vendor\\laravel\\framework\\src\\Illuminate\\Routing\\Router.php(737): Illuminate\\Routing\\Router->dispatchToRoute(Object(Illuminate\\Http\\Request))
#27 C:\\Users\\Qub3zGamingL3\\source\\repos\\rechargepyramid\\app-3.2.0\\resources\\app\\src\\vendor\\laravel\\framework\\src\\Illuminate\\Foundation\\Http\\Kernel.php(200): Illuminate\\Routing\\Router->dispatch(Object(Illuminate\\Http\\Request))
#28 C:\\Users\\Qub3zGamingL3\\source\\repos\\rechargepyramid\\app-3.2.0\\resources\\app\\src\\vendor\\laravel\\framework\\src\\Illuminate\\Pipeline\\Pipeline.php(144): Illuminate\\Foundation\\Http\\Kernel->Illuminate\\Foundation\\Http\\{closure}(Object(Illuminate\\Http\\Request))
#29 C:\\Users\\Qub3zGamingL3\\source\\repos\\rechargepyramid\\app-3.2.0\\resources\\app\\src\\vendor\\laravel\\framework\\src\\Illuminate\\Foundation\\Http\\Middleware\\TransformsRequest.php(21): Illuminate\\Pipeline\\Pipeline->Illuminate\\Pipeline\\{closure}(Object(Illuminate\\Http\\Request))
#30 C:\\Users\\Qub3zGamingL3\\source\\repos\\rechargepyramid\\app-3.2.0\\resources\\app\\src\\vendor\\laravel\\framework\\src\\Illuminate\\Foundation\\Http\\Middleware\\ConvertEmptyStringsToNull.php(31): Illuminate\\Foundation\\Http\\Middleware\\TransformsRequest->handle(Object(Illuminate\\Http\\Request), Object(Closure))
#31 C:\\Users\\Qub3zGamingL3\\source\\repos\\rechargepyramid\\app-3.2.0\\resources\\app\\src\\vendor\\laravel\\framework\\src\\Illuminate\\Pipeline\\Pipeline.php(183): Illuminate\\Foundation\\Http\\Middleware\\ConvertEmptyStringsToNull->handle(Object(Illuminate\\Http\\Request), Object(Closure))
#32 C:\\Users\\Qub3zGamingL3\\source\\repos\\rechargepyramid\\app-3.2.0\\resources\\app\\src\\vendor\\laravel\\framework\\src\\Illuminate\\Foundation\\Http\\Middleware\\TransformsRequest.php(21): Illuminate\\Pipeline\\Pipeline->Illuminate\\Pipeline\\{closure}(Object(Illuminate\\Http\\Request))
#33 C:\\Users\\Qub3zGamingL3\\source\\repos\\rechargepyramid\\app-3.2.0\\resources\\app\\src\\vendor\\laravel\\framework\\src\\Illuminate\\Foundation\\Http\\Middleware\\TrimStrings.php(51): Illuminate\\Foundation\\Http\\Middleware\\TransformsRequest->handle(Object(Illuminate\\Http\\Request), Object(Closure))
#34 C:\\Users\\Qub3zGamingL3\\source\\repos\\rechargepyramid\\app-3.2.0\\resources\\app\\src\\vendor\\laravel\\framework\\src\\Illuminate\\Pipeline\\Pipeline.php(183): Illuminate\\Foundation\\Http\\Middleware\\TrimStrings->handle(Object(Illuminate\\Http\\Request), Object(Closure))
#35 C:\\Users\\Qub3zGamingL3\\source\\repos\\rechargepyramid\\app-3.2.0\\resources\\app\\src\\vendor\\laravel\\framework\\src\\Illuminate\\Http\\Middleware\\ValidatePostSize.php(27): Illuminate\\Pipeline\\Pipeline->Illuminate\\Pipeline\\{closure}(Object(Illuminate\\Http\\Request))
#36 C:\\Users\\Qub3zGamingL3\\source\\repos\\rechargepyramid\\app-3.2.0\\resources\\app\\src\\vendor\\laravel\\framework\\src\\Illuminate\\Pipeline\\Pipeline.php(183): Illuminate\\Http\\Middleware\\ValidatePostSize->handle(Object(Illuminate\\Http\\Request), Object(Closure))
#37 C:\\Users\\Qub3zGamingL3\\source\\repos\\rechargepyramid\\app-3.2.0\\resources\\app\\src\\vendor\\laravel\\framework\\src\\Illuminate\\Foundation\\Http\\Middleware\\PreventRequestsDuringMaintenance.php(110): Illuminate\\Pipeline\\Pipeline->Illuminate\\Pipeline\\{closure}(Object(Illuminate\\Http\\Request))
#38 C:\\Users\\Qub3zGamingL3\\source\\repos\\rechargepyramid\\app-3.2.0\\resources\\app\\src\\vendor\\laravel\\framework\\src\\Illuminate\\Pipeline\\Pipeline.php(183): Illuminate\\Foundation\\Http\\Middleware\\PreventRequestsDuringMaintenance->handle(Object(Illuminate\\Http\\Request), Object(Closure))
#39 C:\\Users\\Qub3zGamingL3\\source\\repos\\rechargepyramid\\app-3.2.0\\resources\\app\\src\\vendor\\laravel\\framework\\src\\Illuminate\\Http\\Middleware\\HandleCors.php(49): Illuminate\\Pipeline\\Pipeline->Illuminate\\Pipeline\\{closure}(Object(Illuminate\\Http\\Request))
#40 C:\\Users\\Qub3zGamingL3\\source\\repos\\rechargepyramid\\app-3.2.0\\resources\\app\\src\\vendor\\laravel\\framework\\src\\Illuminate\\Pipeline\\Pipeline.php(183): Illuminate\\Http\\Middleware\\HandleCors->handle(Object(Illuminate\\Http\\Request), Object(Closure))
#41 C:\\Users\\Qub3zGamingL3\\source\\repos\\rechargepyramid\\app-3.2.0\\resources\\app\\src\\vendor\\laravel\\framework\\src\\Illuminate\\Http\\Middleware\\TrustProxies.php(57): Illuminate\\Pipeline\\Pipeline->Illuminate\\Pipeline\\{closure}(Object(Illuminate\\Http\\Request))
#42 C:\\Users\\Qub3zGamingL3\\source\\repos\\rechargepyramid\\app-3.2.0\\resources\\app\\src\\vendor\\laravel\\framework\\src\\Illuminate\\Pipeline\\Pipeline.php(183): Illuminate\\Http\\Middleware\\TrustProxies->handle(Object(Illuminate\\Http\\Request), Object(Closure))
#43 C:\\Users\\Qub3zGamingL3\\source\\repos\\rechargepyramid\\app-3.2.0\\resources\\app\\src\\vendor\\laravel\\framework\\src\\Illuminate\\Pipeline\\Pipeline.php(119): Illuminate\\Pipeline\\Pipeline->Illuminate\\Pipeline\\{closure}(Object(Illuminate\\Http\\Request))
#44 C:\\Users\\Qub3zGamingL3\\source\\repos\\rechargepyramid\\app-3.2.0\\resources\\app\\src\\vendor\\laravel\\framework\\src\\Illuminate\\Foundation\\Http\\Kernel.php(175): Illuminate\\Pipeline\\Pipeline->then(Object(Closure))
#45 C:\\Users\\Qub3zGamingL3\\source\\repos\\rechargepyramid\\app-3.2.0\\resources\\app\\src\\vendor\\laravel\\framework\\src\\Illuminate\\Foundation\\Http\\Kernel.php(144): Illuminate\\Foundation\\Http\\Kernel->sendRequestThroughRouter(Object(Illuminate\\Http\\Request))
#46 C:\\Users\\Qub3zGamingL3\\source\\repos\\rechargepyramid\\app-3.2.0\\resources\\app\\src\\vendor\\laravel\\framework\\src\\Illuminate\\Foundation\\Application.php(1172): Illuminate\\Foundation\\Http\\Kernel->handle(Object(Illuminate\\Http\\Request))
#47 C:\\Users\\Qub3zGamingL3\\source\\repos\\rechargepyramid\\app-3.2.0\\resources\\app\\src\\public\\index.php(17): Illuminate\\Foundation\\Application->handleRequest(Object(Illuminate\\Http\\Request))
#48 C:\\Users\\Qub3zGamingL3\\source\\repos\\rechargepyramid\\app-3.2.0\\resources\\app\\src\\vendor\\laravel\\framework\\src\\Illuminate\\Foundation\\resources\\server.php(16): require_once('C:\\\\Users\\\\Qub3zG...')
#49 {main}
"} 
